<?xml version="1.0" encoding="UTF-8"?>
<testsuite xmlns:xsi="http://www.w3.org/2001/XMLSchema-instance" xsi:noNamespaceSchemaLocation="https://maven.apache.org/surefire/maven-surefire-plugin/xsd/surefire-test-report.xsd" name="org.apache.camel.example.ServiceTest" time="9.847" tests="1" errors="0" skipped="0" failures="0">
  <properties>
    <property name="gopherProxySet" value="false"/>
    <property name="awt.toolkit" value="sun.lwawt.macosx.LWCToolkit"/>
    <property name="java.specification.version" value="11"/>
    <property name="sun.cpu.isalist" value=""/>
    <property name="sun.jnu.encoding" value="UTF-8"/>
    <property name="java.class.path" value="/Users/bruno/workspace_tmm/sizing/camel-sizing-patterns/camelq/level1simple/target/test-classes:/Users/bruno/workspace_tmm/sizing/camel-sizing-patterns/camelq/level1simple/target/classes:/Users/bruno/.m2/repository/org/apache/camel/quarkus/camel-quarkus-xml-io-dsl/1.8.1.fuse-800012-redhat-00001/camel-quarkus-xml-io-dsl-1.8.1.fuse-800012-redhat-00001.jar:/Users/bruno/.m2/repository/org/apache/camel/quarkus/camel-quarkus-core/1.8.1.fuse-800012-redhat-00001/camel-quarkus-core-1.8.1.fuse-800012-redhat-00001.jar:/Users/bruno/.m2/repository/io/quarkus/quarkus-arc/1.11.7.Final-redhat-00009/quarkus-arc-1.11.7.Final-redhat-00009.jar:/Users/bruno/.m2/repository/io/quarkus/arc/arc/1.11.7.Final-redhat-00009/arc-1.11.7.Final-redhat-00009.jar:/Users/bruno/.m2/repository/jakarta/transaction/jakarta.transaction-api/1.3.3.redhat-00002/jakarta.transaction-api-1.3.3.redhat-00002.jar:/Users/bruno/.m2/repository/org/eclipse/microprofile/context-propagation/microprofile-context-propagation-api/1.0.1.redhat-00002/microprofile-context-propagation-api-1.0.1.redhat-00002.jar:/Users/bruno/.m2/repository/org/apache/camel/quarkus/camel-quarkus-support-common/1.8.1.fuse-800012-redhat-00001/camel-quarkus-support-common-1.8.1.fuse-800012-redhat-00001.jar:/Users/bruno/.m2/repository/io/quarkus/quarkus-development-mode-spi/1.11.7.Final-redhat-00009/quarkus-development-mode-spi-1.11.7.Final-redhat-00009.jar:/Users/bruno/.m2/repository/org/apache/camel/camel-base/3.10.0.fuse-800010-redhat-00001/camel-base-3.10.0.fuse-800010-redhat-00001.jar:/Users/bruno/.m2/repository/org/apache/camel/camel-componentdsl/3.10.0.fuse-800010-redhat-00001/camel-componentdsl-3.10.0.fuse-800010-redhat-00001.jar:/Users/bruno/.m2/repository/org/apache/camel/camel-core-catalog/3.10.0.fuse-800010-redhat-00001/camel-core-catalog-3.10.0.fuse-800010-redhat-00001.jar:/Users/bruno/.m2/repository/org/apache/camel/camel-core-engine/3.10.0.fuse-800010-redhat-00001/camel-core-engine-3.10.0.fuse-800010-redhat-00001.jar:/Users/bruno/.m2/repository/org/apache/camel/camel-base-engine/3.10.0.fuse-800010-redhat-00001/camel-base-engine-3.10.0.fuse-800010-redhat-00001.jar:/Users/bruno/.m2/repository/org/apache/camel/camel-core-reifier/3.10.0.fuse-800010-redhat-00001/camel-core-reifier-3.10.0.fuse-800010-redhat-00001.jar:/Users/bruno/.m2/repository/org/apache/camel/camel-core-languages/3.10.0.fuse-800010-redhat-00001/camel-core-languages-3.10.0.fuse-800010-redhat-00001.jar:/Users/bruno/.m2/repository/org/apache/camel/camel-core-processor/3.10.0.fuse-800010-redhat-00001/camel-core-processor-3.10.0.fuse-800010-redhat-00001.jar:/Users/bruno/.m2/repository/org/apache/camel/camel-endpointdsl/3.10.0.fuse-800010-redhat-00001/camel-endpointdsl-3.10.0.fuse-800010-redhat-00001.jar:/Users/bruno/.m2/repository/org/apache/camel/camel-main/3.10.0.fuse-800010-redhat-00001/camel-main-3.10.0.fuse-800010-redhat-00001.jar:/Users/bruno/.m2/repository/org/apache/camel/camel-microprofile-config/3.10.0.fuse-800010-redhat-00001/camel-microprofile-config-3.10.0.fuse-800010-redhat-00001.jar:/Users/bruno/.m2/repository/org/apache/camel/camel-xml-io/3.10.0.fuse-800010-redhat-00001/camel-xml-io-3.10.0.fuse-800010-redhat-00001.jar:/Users/bruno/.m2/repository/org/apache/camel/camel-xml-io-util/3.10.0.fuse-800010-redhat-00001/camel-xml-io-util-3.10.0.fuse-800010-redhat-00001.jar:/Users/bruno/.m2/repository/org/apache/camel/camel-xml-io-dsl/3.10.0.fuse-800010-redhat-00001/camel-xml-io-dsl-3.10.0.fuse-800010-redhat-00001.jar:/Users/bruno/.m2/repository/org/apache/camel/camel-core-model/3.10.0.fuse-800010-redhat-00001/camel-core-model-3.10.0.fuse-800010-redhat-00001.jar:/Users/bruno/.m2/repository/org/apache/camel/camel-dsl-support/3.10.0.fuse-800010-redhat-00001/camel-dsl-support-3.10.0.fuse-800010-redhat-00001.jar:/Users/bruno/.m2/repository/io/quarkus/quarkus-openshift/1.11.7.Final-redhat-00009/quarkus-openshift-1.11.7.Final-redhat-00009.jar:/Users/bruno/.m2/repository/io/quarkus/quarkus-kubernetes-client-internal/1.11.7.Final-redhat-00009/quarkus-kubernetes-client-internal-1.11.7.Final-redhat-00009.jar:/Users/bruno/.m2/repository/org/apache/camel/quarkus/camel-quarkus-direct/1.8.1.fuse-800012-redhat-00001/camel-quarkus-direct-1.8.1.fuse-800012-redhat-00001.jar:/Users/bruno/.m2/repository/org/apache/camel/camel-direct/3.10.0.fuse-800010-redhat-00001/camel-direct-3.10.0.fuse-800010-redhat-00001.jar:/Users/bruno/.m2/repository/org/apache/camel/quarkus/camel-quarkus-atlasmap/1.8.1.fuse-800012-redhat-00001/camel-quarkus-atlasmap-1.8.1.fuse-800012-redhat-00001.jar:/Users/bruno/.m2/repository/io/quarkus/quarkus-jackson/1.11.7.Final-redhat-00009/quarkus-jackson-1.11.7.Final-redhat-00009.jar:/Users/bruno/.m2/repository/com/fasterxml/jackson/core/jackson-databind/2.11.3.redhat-00001/jackson-databind-2.11.3.redhat-00001.jar:/Users/bruno/.m2/repository/com/fasterxml/jackson/datatype/jackson-datatype-jsr310/2.11.3.redhat-00001/jackson-datatype-jsr310-2.11.3.redhat-00001.jar:/Users/bruno/.m2/repository/com/fasterxml/jackson/datatype/jackson-datatype-jdk8/2.11.3.redhat-00001/jackson-datatype-jdk8-2.11.3.redhat-00001.jar:/Users/bruno/.m2/repository/com/fasterxml/jackson/module/jackson-module-parameter-names/2.11.3.redhat-00001/jackson-module-parameter-names-2.11.3.redhat-00001.jar:/Users/bruno/.m2/repository/org/apache/camel/quarkus/camel-quarkus-language/1.8.1.fuse-800012-redhat-00001/camel-quarkus-language-1.8.1.fuse-800012-redhat-00001.jar:/Users/bruno/.m2/repository/org/apache/camel/camel-language/3.10.0.fuse-800010-redhat-00001/camel-language-3.10.0.fuse-800010-redhat-00001.jar:/Users/bruno/.m2/repository/org/apache/camel/quarkus/camel-quarkus-rest/1.8.1.fuse-800012-redhat-00001/camel-quarkus-rest-1.8.1.fuse-800012-redhat-00001.jar:/Users/bruno/.m2/repository/org/apache/camel/quarkus/camel-quarkus-platform-http/1.8.1.fuse-800012-redhat-00001/camel-quarkus-platform-http-1.8.1.fuse-800012-redhat-00001.jar:/Users/bruno/.m2/repository/org/apache/camel/quarkus/camel-quarkus-attachments/1.8.1.fuse-800012-redhat-00001/camel-quarkus-attachments-1.8.1.fuse-800012-redhat-00001.jar:/Users/bruno/.m2/repository/org/apache/camel/camel-attachments/3.10.0.fuse-800010-redhat-00001/camel-attachments-3.10.0.fuse-800010-redhat-00001.jar:/Users/bruno/.m2/repository/com/sun/activation/javax.activation/1.2.0/javax.activation-1.2.0.jar:/Users/bruno/.m2/repository/org/apache/camel/camel-platform-http-vertx/3.10.0.fuse-800010-redhat-00001/camel-platform-http-vertx-3.10.0.fuse-800010-redhat-00001.jar:/Users/bruno/.m2/repository/org/apache/camel/camel-platform-http/3.10.0.fuse-800010-redhat-00001/camel-platform-http-3.10.0.fuse-800010-redhat-00001.jar:/Users/bruno/.m2/repository/org/apache/camel/camel-vertx-common/3.10.0.fuse-800010-redhat-00001/camel-vertx-common-3.10.0.fuse-800010-redhat-00001.jar:/Users/bruno/.m2/repository/io/vertx/vertx-core/3.9.6.redhat-00001/vertx-core-3.9.6.redhat-00001.jar:/Users/bruno/.m2/repository/io/netty/netty-common/4.1.49.Final-redhat-00001/netty-common-4.1.49.Final-redhat-00001.jar:/Users/bruno/.m2/repository/io/netty/netty-buffer/4.1.49.Final-redhat-00001/netty-buffer-4.1.49.Final-redhat-00001.jar:/Users/bruno/.m2/repository/io/netty/netty-transport/4.1.49.Final-redhat-00001/netty-transport-4.1.49.Final-redhat-00001.jar:/Users/bruno/.m2/repository/io/netty/netty-handler/4.1.49.Final-redhat-00001/netty-handler-4.1.49.Final-redhat-00001.jar:/Users/bruno/.m2/repository/io/netty/netty-handler-proxy/4.1.49.Final-redhat-00001/netty-handler-proxy-4.1.49.Final-redhat-00001.jar:/Users/bruno/.m2/repository/io/netty/netty-codec-socks/4.1.49.Final-redhat-00001/netty-codec-socks-4.1.49.Final-redhat-00001.jar:/Users/bruno/.m2/repository/io/netty/netty-codec-http/4.1.49.Final-redhat-00001/netty-codec-http-4.1.49.Final-redhat-00001.jar:/Users/bruno/.m2/repository/io/netty/netty-codec-http2/4.1.49.Final-redhat-00001/netty-codec-http2-4.1.49.Final-redhat-00001.jar:/Users/bruno/.m2/repository/io/netty/netty-resolver/4.1.49.Final-redhat-00001/netty-resolver-4.1.49.Final-redhat-00001.jar:/Users/bruno/.m2/repository/io/netty/netty-resolver-dns/4.1.49.Final-redhat-00001/netty-resolver-dns-4.1.49.Final-redhat-00001.jar:/Users/bruno/.m2/repository/io/netty/netty-codec-dns/4.1.49.Final-redhat-00001/netty-codec-dns-4.1.49.Final-redhat-00001.jar:/Users/bruno/.m2/repository/io/vertx/vertx-web/3.9.6.redhat-00001/vertx-web-3.9.6.redhat-00001.jar:/Users/bruno/.m2/repository/io/vertx/vertx-web-common/3.9.6.redhat-00001/vertx-web-common-3.9.6.redhat-00001.jar:/Users/bruno/.m2/repository/io/vertx/vertx-auth-common/3.9.6.redhat-00001/vertx-auth-common-3.9.6.redhat-00001.jar:/Users/bruno/.m2/repository/io/vertx/vertx-bridge-common/3.9.6.redhat-00001/vertx-bridge-common-3.9.6.redhat-00001.jar:/Users/bruno/.m2/repository/io/quarkus/quarkus-vertx-web/1.11.7.Final-redhat-00009/quarkus-vertx-web-1.11.7.Final-redhat-00009.jar:/Users/bruno/.m2/repository/io/quarkus/quarkus-vertx/1.11.7.Final-redhat-00009/quarkus-vertx-1.11.7.Final-redhat-00009.jar:/Users/bruno/.m2/repository/io/quarkus/quarkus-netty/1.11.7.Final-redhat-00009/quarkus-netty-1.11.7.Final-redhat-00009.jar:/Users/bruno/.m2/repository/io/netty/netty-codec/4.1.49.Final-redhat-00001/netty-codec-4.1.49.Final-redhat-00001.jar:/Users/bruno/.m2/repository/io/quarkus/quarkus-vertx-core/1.11.7.Final-redhat-00009/quarkus-vertx-core-1.11.7.Final-redhat-00009.jar:/Users/bruno/.m2/repository/io/smallrye/reactive/smallrye-axle-generator/1.3.0.redhat-00002/smallrye-axle-generator-1.3.0.redhat-00002.jar:/Users/bruno/.m2/repository/io/smallrye/reactive/mutiny-reactive-streams-operators/0.12.5.redhat-00001/mutiny-reactive-streams-operators-0.12.5.redhat-00001.jar:/Users/bruno/.m2/repository/org/eclipse/microprofile/reactive-streams-operators/microprofile-reactive-streams-operators-api/1.0.1.redhat-00001/microprofile-reactive-streams-operators-api-1.0.1.redhat-00001.jar:/Users/bruno/.m2/repository/org/eclipse/microprofile/reactive-streams-operators/microprofile-reactive-streams-operators-core/1.0.1.redhat-00001/microprofile-reactive-streams-operators-core-1.0.1.redhat-00001.jar:/Users/bruno/.m2/repository/org/reactivestreams/reactive-streams/1.0.3.redhat-00003/reactive-streams-1.0.3.redhat-00003.jar:/Users/bruno/.m2/repository/io/smallrye/reactive/smallrye-axle-core/1.3.0.redhat-00002/smallrye-axle-core-1.3.0.redhat-00002.jar:/Users/bruno/.m2/repository/io/vertx/vertx-rx-java2/3.9.6.redhat-00001/vertx-rx-java2-3.9.6.redhat-00001.jar:/Users/bruno/.m2/repository/io/reactivex/rxjava2/rxjava/2.2.20.redhat-00002/rxjava-2.2.20.redhat-00002.jar:/Users/bruno/.m2/repository/io/vertx/vertx-rx-gen/3.9.6.redhat-00001/vertx-rx-gen-3.9.6.redhat-00001.jar:/Users/bruno/.m2/repository/io/vertx/vertx-codegen/3.9.6/vertx-codegen-3.9.6.jar:/Users/bruno/.m2/repository/org/mvel/mvel2/2.4.12.Final/mvel2-2.4.12.Final.jar:/Users/bruno/.m2/repository/io/quarkus/quarkus-mutiny/1.11.7.Final-redhat-00009/quarkus-mutiny-1.11.7.Final-redhat-00009.jar:/Users/bruno/.m2/repository/io/quarkus/quarkus-smallrye-context-propagation/1.11.7.Final-redhat-00009/quarkus-smallrye-context-propagation-1.11.7.Final-redhat-00009.jar:/Users/bruno/.m2/repository/io/smallrye/smallrye-context-propagation/1.0.19.redhat-00004/smallrye-context-propagation-1.0.19.redhat-00004.jar:/Users/bruno/.m2/repository/io/smallrye/smallrye-context-propagation-api/1.0.19.redhat-00004/smallrye-context-propagation-api-1.0.19.redhat-00004.jar:/Users/bruno/.m2/repository/io/smallrye/reactive/mutiny-context-propagation/0.12.5.redhat-00001/mutiny-context-propagation-0.12.5.redhat-00001.jar:/Users/bruno/.m2/repository/io/smallrye/reactive/smallrye-mutiny-vertx-core/1.3.0.redhat-00002/smallrye-mutiny-vertx-core-1.3.0.redhat-00002.jar:/Users/bruno/.m2/repository/io/smallrye/reactive/smallrye-mutiny-vertx-runtime/1.3.0.redhat-00002/smallrye-mutiny-vertx-runtime-1.3.0.redhat-00002.jar:/Users/bruno/.m2/repository/io/smallrye/reactive/vertx-mutiny-generator/1.3.0.redhat-00002/vertx-mutiny-generator-1.3.0.redhat-00002.jar:/Users/bruno/.m2/repository/io/smallrye/common/smallrye-common-annotation/1.5.0.redhat-00001/smallrye-common-annotation-1.5.0.redhat-00001.jar:/Users/bruno/.m2/repository/io/quarkus/quarkus-vertx-http/1.11.7.Final-redhat-00009/quarkus-vertx-http-1.11.7.Final-redhat-00009.jar:/Users/bruno/.m2/repository/io/quarkus/quarkus-security-runtime-spi/1.11.7.Final-redhat-00009/quarkus-security-runtime-spi-1.11.7.Final-redhat-00009.jar:/Users/bruno/.m2/repository/io/quarkus/quarkus-vertx-http-dev-console-runtime-spi/1.11.7.Final-redhat-00009/quarkus-vertx-http-dev-console-runtime-spi-1.11.7.Final-redhat-00009.jar:/Users/bruno/.m2/repository/io/quarkus/security/quarkus-security/1.1.3.Final-redhat-00001/quarkus-security-1.1.3.Final-redhat-00001.jar:/Users/bruno/.m2/repository/io/smallrye/reactive/mutiny/0.12.5.redhat-00001/mutiny-0.12.5.redhat-00001.jar:/Users/bruno/.m2/repository/org/apache/camel/camel-rest/3.10.0.fuse-800010-redhat-00001/camel-rest-3.10.0.fuse-800010-redhat-00001.jar:/Users/bruno/.m2/repository/org/apache/camel/camel-tooling-model/3.10.0.fuse-800010-redhat-00001/camel-tooling-model-3.10.0.fuse-800010-redhat-00001.jar:/Users/bruno/.m2/repository/org/apache/camel/camel-util-json/3.10.0.fuse-800010-redhat-00001/camel-util-json-3.10.0.fuse-800010-redhat-00001.jar:/Users/bruno/.m2/repository/org/apache/camel/camel-atlasmap/3.10.0.fuse-800010-redhat-00001/camel-atlasmap-3.10.0.fuse-800010-redhat-00001.jar:/Users/bruno/.m2/repository/org/apache/camel/camel-support/3.10.0.fuse-800010-redhat-00001/camel-support-3.10.0.fuse-800010-redhat-00001.jar:/Users/bruno/.m2/repository/org/apache/camel/camel-api/3.10.0.fuse-800010-redhat-00001/camel-api-3.10.0.fuse-800010-redhat-00001.jar:/Users/bruno/.m2/repository/org/apache/camel/camel-management-api/3.10.0.fuse-800010-redhat-00001/camel-management-api-3.10.0.fuse-800010-redhat-00001.jar:/Users/bruno/.m2/repository/org/apache/camel/camel-util/3.10.0.fuse-800010-redhat-00001/camel-util-3.10.0.fuse-800010-redhat-00001.jar:/Users/bruno/.m2/repository/org/apache/camel/camel-mock/3.10.0.fuse-800010-redhat-00001/camel-mock-3.10.0.fuse-800010-redhat-00001.jar:/Users/bruno/.m2/repository/io/atlasmap/atlas-api/2.2.2/atlas-api-2.2.2.jar:/Users/bruno/.m2/repository/io/atlasmap/atlas-model/2.2.2/atlas-model-2.2.2.jar:/Users/bruno/.m2/repository/com/fasterxml/jackson/module/jackson-module-jsonSchema/2.11.3/jackson-module-jsonSchema-2.11.3.jar:/Users/bruno/.m2/repository/javax/validation/validation-api/1.1.0.Final/validation-api-1.1.0.Final.jar:/Users/bruno/.m2/repository/io/atlasmap/atlas-expression/2.2.2/atlas-expression-2.2.2.jar:/Users/bruno/.m2/repository/io/atlasmap/atlas-core/2.2.2/atlas-core-2.2.2.jar:/Users/bruno/.m2/repository/io/atlasmap/atlas-java-module/2.2.2/atlas-java-module-2.2.2.jar:/Users/bruno/.m2/repository/io/atlasmap/atlas-java-model/2.2.2/atlas-java-model-2.2.2.jar:/Users/bruno/.m2/repository/io/atlasmap/atlas-java-core/2.2.2/atlas-java-core-2.2.2.jar:/Users/bruno/.m2/repository/io/atlasmap/atlas-json-module/2.2.2/atlas-json-module-2.2.2.jar:/Users/bruno/.m2/repository/io/atlasmap/atlas-json-model/2.2.2/atlas-json-model-2.2.2.jar:/Users/bruno/.m2/repository/io/atlasmap/atlas-json-core/2.2.2/atlas-json-core-2.2.2.jar:/Users/bruno/.m2/repository/io/atlasmap/atlas-core/2.2.2/atlas-core-2.2.2-tests.jar:/Users/bruno/.m2/repository/io/atlasmap/atlas-xml-module/2.2.2/atlas-xml-module-2.2.2.jar:/Users/bruno/.m2/repository/io/atlasmap/atlas-xml-model/2.2.2/atlas-xml-model-2.2.2.jar:/Users/bruno/.m2/repository/io/atlasmap/atlas-xml-core/2.2.2/atlas-xml-core-2.2.2.jar:/Users/bruno/.m2/repository/io/atlasmap/com/sun/xsom/xsom/2.2.2/xsom-2.2.2.jar:/Users/bruno/.m2/repository/relaxngDatatype/relaxngDatatype/20020414/relaxngDatatype-20020414.jar:/Users/bruno/.m2/repository/io/atlasmap/atlas-csv-module/2.2.2/atlas-csv-module-2.2.2.jar:/Users/bruno/.m2/repository/io/atlasmap/atlas-csv-core/2.2.2/atlas-csv-core-2.2.2.jar:/Users/bruno/.m2/repository/io/atlasmap/atlas-csv-model/2.2.2/atlas-csv-model-2.2.2.jar:/Users/bruno/.m2/repository/org/apache/commons/commons-csv/1.8/commons-csv-1.8.jar:/Users/bruno/.m2/repository/io/atlasmap/atlas-dfdl-module/2.2.2/atlas-dfdl-module-2.2.2.jar:/Users/bruno/.m2/repository/io/atlasmap/atlas-dfdl-model/2.2.2/atlas-dfdl-model-2.2.2.jar:/Users/bruno/.m2/repository/io/atlasmap/atlas-dfdl-core/2.2.2/atlas-dfdl-core-2.2.2.jar:/Users/bruno/.m2/repository/org/apache/daffodil/daffodil-japi_2.12/3.0.0/daffodil-japi_2.12-3.0.0.jar:/Users/bruno/.m2/repository/org/scala-lang/scala-library/2.12.13/scala-library-2.12.13.jar:/Users/bruno/.m2/repository/org/apache/daffodil/daffodil-core_2.12/3.0.0/daffodil-core_2.12-3.0.0.jar:/Users/bruno/.m2/repository/org/apache/daffodil/daffodil-runtime1-unparser_2.12/3.0.0/daffodil-runtime1-unparser_2.12-3.0.0.jar:/Users/bruno/.m2/repository/org/apache/daffodil/daffodil-runtime1_2.12/3.0.0/daffodil-runtime1_2.12-3.0.0.jar:/Users/bruno/.m2/repository/org/apache/daffodil/daffodil-io_2.12/3.0.0/daffodil-io_2.12-3.0.0.jar:/Users/bruno/.m2/repository/org/apache/daffodil/daffodil-lib_2.12/3.0.0/daffodil-lib_2.12-3.0.0.jar:/Users/bruno/.m2/repository/org/apache/daffodil/daffodil-udf_2.12/3.0.0/daffodil-udf_2.12-3.0.0.jar:/Users/bruno/.m2/repository/org/scala-lang/modules/scala-xml_2.12/1.3.0/scala-xml_2.12-1.3.0.jar:/Users/bruno/.m2/repository/org/scala-lang/modules/scala-parser-combinators_2.12/1.1.2/scala-parser-combinators_2.12-1.1.2.jar:/Users/bruno/.m2/repository/com/ibm/icu/icu4j/67.1/icu4j-67.1.jar:/Users/bruno/.m2/repository/xerces/xercesImpl/2.12.0/xercesImpl-2.12.0.jar:/Users/bruno/.m2/repository/xml-apis/xml-apis/1.4.01/xml-apis-1.4.01.jar:/Users/bruno/.m2/repository/xml-resolver/xml-resolver/1.2/xml-resolver-1.2.jar:/Users/bruno/.m2/repository/jline/jline/2.14.6/jline-2.14.6.jar:/Users/bruno/.m2/repository/org/jdom/jdom2/2.0.6/jdom2-2.0.6.jar:/Users/bruno/.m2/repository/com/fasterxml/woodstox/woodstox-core/6.1.1/woodstox-core-6.1.1.jar:/Users/bruno/.m2/repository/org/codehaus/woodstox/stax2-api/4.2.0.redhat-00001/stax2-api-4.2.0.redhat-00001.jar:/Users/bruno/.m2/repository/org/apache/camel/quarkus/camel-quarkus-http/1.8.1.fuse-800012-redhat-00001/camel-quarkus-http-1.8.1.fuse-800012-redhat-00001.jar:/Users/bruno/.m2/repository/org/apache/camel/quarkus/camel-quarkus-http-common/1.8.1.fuse-800012-redhat-00001/camel-quarkus-http-common-1.8.1.fuse-800012-redhat-00001.jar:/Users/bruno/.m2/repository/org/apache/camel/camel-http-common/3.10.0.fuse-800010-redhat-00001/camel-http-common-3.10.0.fuse-800010-redhat-00001.jar:/Users/bruno/.m2/repository/org/apache/camel/camel-http-base/3.10.0.fuse-800010-redhat-00001/camel-http-base-3.10.0.fuse-800010-redhat-00001.jar:/Users/bruno/.m2/repository/jakarta/servlet/jakarta.servlet-api/4.0.3.redhat-00002/jakarta.servlet-api-4.0.3.redhat-00002.jar:/Users/bruno/.m2/repository/org/apache/camel/quarkus/camel-quarkus-support-httpclient/1.8.1.fuse-800012-redhat-00001/camel-quarkus-support-httpclient-1.8.1.fuse-800012-redhat-00001.jar:/Users/bruno/.m2/repository/org/apache/camel/quarkus/camel-quarkus-support-commons-logging/1.8.1.fuse-800012-redhat-00001/camel-quarkus-support-commons-logging-1.8.1.fuse-800012-redhat-00001.jar:/Users/bruno/.m2/repository/org/apache/camel/camel-http/3.10.0.fuse-800010-redhat-00001/camel-http-3.10.0.fuse-800010-redhat-00001.jar:/Users/bruno/.m2/repository/org/apache/camel/camel-cloud/3.10.0.fuse-800010-redhat-00001/camel-cloud-3.10.0.fuse-800010-redhat-00001.jar:/Users/bruno/.m2/repository/org/apache/camel/camel-file/3.10.0.fuse-800010-redhat-00001/camel-file-3.10.0.fuse-800010-redhat-00001.jar:/Users/bruno/.m2/repository/org/apache/camel/camel-cluster/3.10.0.fuse-800010-redhat-00001/camel-cluster-3.10.0.fuse-800010-redhat-00001.jar:/Users/bruno/.m2/repository/io/quarkus/quarkus-junit5/1.11.7.Final/quarkus-junit5-1.11.7.Final.jar:/Users/bruno/.m2/repository/io/quarkus/quarkus-bootstrap-core/1.11.7.Final-redhat-00009/quarkus-bootstrap-core-1.11.7.Final-redhat-00009.jar:/Users/bruno/.m2/repository/io/quarkus/quarkus-bootstrap-app-model/1.11.7.Final-redhat-00009/quarkus-bootstrap-app-model-1.11.7.Final-redhat-00009.jar:/Users/bruno/.m2/repository/io/quarkus/quarkus-bootstrap-maven-resolver/1.11.7.Final-redhat-00009/quarkus-bootstrap-maven-resolver-1.11.7.Final-redhat-00009.jar:/Users/bruno/.m2/repository/org/apache/maven/maven-embedder/3.6.3/maven-embedder-3.6.3.jar:/Users/bruno/.m2/repository/org/apache/maven/maven-settings/3.6.3/maven-settings-3.6.3.jar:/Users/bruno/.m2/repository/org/apache/maven/maven-core/3.6.3/maven-core-3.6.3.jar:/Users/bruno/.m2/repository/org/apache/maven/maven-artifact/3.6.3/maven-artifact-3.6.3.jar:/Users/bruno/.m2/repository/org/codehaus/plexus/plexus-component-annotations/2.1.0/plexus-component-annotations-2.1.0.jar:/Users/bruno/.m2/repository/org/apache/maven/maven-plugin-api/3.6.3/maven-plugin-api-3.6.3.jar:/Users/bruno/.m2/repository/org/apache/maven/maven-model/3.6.3/maven-model-3.6.3.jar:/Users/bruno/.m2/repository/org/apache/maven/maven-model-builder/3.6.3/maven-model-builder-3.6.3.jar:/Users/bruno/.m2/repository/org/apache/maven/maven-builder-support/3.6.3/maven-builder-support-3.6.3.jar:/Users/bruno/.m2/repository/org/apache/maven/resolver/maven-resolver-api/1.4.1/maven-resolver-api-1.4.1.jar:/Users/bruno/.m2/repository/org/apache/maven/resolver/maven-resolver-util/1.4.1/maven-resolver-util-1.4.1.jar:/Users/bruno/.m2/repository/org/apache/maven/shared/maven-shared-utils/3.2.1/maven-shared-utils-3.2.1.jar:/Users/bruno/.m2/repository/com/google/inject/guice/4.2.1/guice-4.2.1-no_aop.jar:/Users/bruno/.m2/repository/org/codehaus/plexus/plexus-utils/3.2.1/plexus-utils-3.2.1.jar:/Users/bruno/.m2/repository/org/codehaus/plexus/plexus-classworlds/2.6.0/plexus-classworlds-2.6.0.jar:/Users/bruno/.m2/repository/commons-cli/commons-cli/1.4.0.redhat-00001/commons-cli-1.4.0.redhat-00001.jar:/Users/bruno/.m2/repository/org/eclipse/sisu/org.eclipse.sisu.plexus/0.3.4/org.eclipse.sisu.plexus-0.3.4.jar:/Users/bruno/.m2/repository/org/apache/maven/maven-settings-builder/3.6.3/maven-settings-builder-3.6.3.jar:/Users/bruno/.m2/repository/org/codehaus/plexus/plexus-interpolation/1.25/plexus-interpolation-1.25.jar:/Users/bruno/.m2/repository/org/sonatype/plexus/plexus-sec-dispatcher/1.4/plexus-sec-dispatcher-1.4.jar:/Users/bruno/.m2/repository/org/sonatype/plexus/plexus-cipher/1.4/plexus-cipher-1.4.jar:/Users/bruno/.m2/repository/org/apache/maven/maven-resolver-provider/3.6.3/maven-resolver-provider-3.6.3.jar:/Users/bruno/.m2/repository/org/apache/maven/maven-repository-metadata/3.6.3/maven-repository-metadata-3.6.3.jar:/Users/bruno/.m2/repository/org/apache/maven/resolver/maven-resolver-spi/1.4.1/maven-resolver-spi-1.4.1.jar:/Users/bruno/.m2/repository/org/apache/maven/resolver/maven-resolver-impl/1.4.1/maven-resolver-impl-1.4.1.jar:/Users/bruno/.m2/repository/org/apache/maven/resolver/maven-resolver-connector-basic/1.4.1/maven-resolver-connector-basic-1.4.1.jar:/Users/bruno/.m2/repository/org/apache/maven/resolver/maven-resolver-transport-wagon/1.4.1/maven-resolver-transport-wagon-1.4.1.jar:/Users/bruno/.m2/repository/org/apache/maven/wagon/wagon-http/3.3.4/wagon-http-3.3.4.jar:/Users/bruno/.m2/repository/org/apache/maven/wagon/wagon-http-shared/3.3.4/wagon-http-shared-3.3.4.jar:/Users/bruno/.m2/repository/org/jsoup/jsoup/1.12.1.redhat-00001/jsoup-1.12.1.redhat-00001.jar:/Users/bruno/.m2/repository/org/apache/maven/wagon/wagon-provider-api/3.3.4/wagon-provider-api-3.3.4.jar:/Users/bruno/.m2/repository/org/apache/maven/wagon/wagon-file/3.3.4/wagon-file-3.3.4.jar:/Users/bruno/.m2/repository/io/quarkus/quarkus-bootstrap-gradle-resolver/1.11.7.Final/quarkus-bootstrap-gradle-resolver-1.11.7.Final.jar:/Users/bruno/.m2/repository/io/smallrye/common/smallrye-common-io/1.5.0.redhat-00001/smallrye-common-io-1.5.0.redhat-00001.jar:/Users/bruno/.m2/repository/org/eclipse/sisu/org.eclipse.sisu.inject/0.3.4/org.eclipse.sisu.inject-0.3.4.jar:/Users/bruno/.m2/repository/io/quarkus/quarkus-test-common/1.11.7.Final/quarkus-test-common-1.11.7.Final.jar:/Users/bruno/.m2/repository/io/quarkus/quarkus-core-deployment/1.11.7.Final-redhat-00009/quarkus-core-deployment-1.11.7.Final-redhat-00009.jar:/Users/bruno/.m2/repository/io/quarkus/gizmo/gizmo/1.0.6.Final-redhat-00001/gizmo-1.0.6.Final-redhat-00001.jar:/Users/bruno/.m2/repository/org/ow2/asm/asm-util/9.0/asm-util-9.0.jar:/Users/bruno/.m2/repository/org/ow2/asm/asm-tree/9.0/asm-tree-9.0.jar:/Users/bruno/.m2/repository/org/ow2/asm/asm-analysis/9.0/asm-analysis-9.0.jar:/Users/bruno/.m2/repository/io/quarkus/quarkus-class-change-agent/1.11.7.Final-redhat-00009/quarkus-class-change-agent-1.11.7.Final-redhat-00009.jar:/Users/bruno/.m2/repository/io/quarkus/quarkus-devtools-utilities/1.11.7.Final-redhat-00009/quarkus-devtools-utilities-1.11.7.Final-redhat-00009.jar:/Users/bruno/.m2/repository/io/quarkus/quarkus-builder/1.11.7.Final-redhat-00009/quarkus-builder-1.11.7.Final-redhat-00009.jar:/Users/bruno/.m2/repository/io/quarkus/quarkus-jsonp-deployment/1.11.7.Final-redhat-00009/quarkus-jsonp-deployment-1.11.7.Final-redhat-00009.jar:/Users/bruno/.m2/repository/io/quarkus/quarkus-jsonp/1.11.7.Final-redhat-00009/quarkus-jsonp-1.11.7.Final-redhat-00009.jar:/Users/bruno/.m2/repository/org/glassfish/jakarta.json/1.1.6.redhat-00003/jakarta.json-1.1.6.redhat-00003.jar:/Users/bruno/.m2/repository/org/jboss/jandex/2.2.2.Final-redhat-00001/jandex-2.2.2.Final-redhat-00001.jar:/Users/bruno/.m2/repository/org/jboss/logging/commons-logging-jboss-logging/1.0.0.Final-redhat-1/commons-logging-jboss-logging-1.0.0.Final-redhat-1.jar:/Users/bruno/.m2/repository/org/junit/jupiter/junit-jupiter/5.7.0/junit-jupiter-5.7.0.jar:/Users/bruno/.m2/repository/org/junit/jupiter/junit-jupiter-api/5.7.0/junit-jupiter-api-5.7.0.jar:/Users/bruno/.m2/repository/org/apiguardian/apiguardian-api/1.1.0/apiguardian-api-1.1.0.jar:/Users/bruno/.m2/repository/org/opentest4j/opentest4j/1.2.0/opentest4j-1.2.0.jar:/Users/bruno/.m2/repository/org/junit/platform/junit-platform-commons/1.7.0/junit-platform-commons-1.7.0.jar:/Users/bruno/.m2/repository/org/junit/jupiter/junit-jupiter-params/5.7.0/junit-jupiter-params-5.7.0.jar:/Users/bruno/.m2/repository/org/junit/jupiter/junit-jupiter-engine/5.7.0/junit-jupiter-engine-5.7.0.jar:/Users/bruno/.m2/repository/org/junit/platform/junit-platform-engine/1.7.0/junit-platform-engine-1.7.0.jar:/Users/bruno/.m2/repository/io/quarkus/quarkus-core/1.11.7.Final-redhat-00009/quarkus-core-1.11.7.Final-redhat-00009.jar:/Users/bruno/.m2/repository/jakarta/annotation/jakarta.annotation-api/1.3.5.redhat-00002/jakarta.annotation-api-1.3.5.redhat-00002.jar:/Users/bruno/.m2/repository/jakarta/enterprise/jakarta.enterprise.cdi-api/2.0.2.redhat-00002/jakarta.enterprise.cdi-api-2.0.2.redhat-00002.jar:/Users/bruno/.m2/repository/jakarta/el/jakarta.el-api/3.0.3.redhat-00002/jakarta.el-api-3.0.3.redhat-00002.jar:/Users/bruno/.m2/repository/jakarta/interceptor/jakarta.interceptor-api/1.2.5.redhat-00002/jakarta.interceptor-api-1.2.5.redhat-00002.jar:/Users/bruno/.m2/repository/jakarta/inject/jakarta.inject-api/1.0.0.redhat-00002/jakarta.inject-api-1.0.0.redhat-00002.jar:/Users/bruno/.m2/repository/io/quarkus/quarkus-ide-launcher/1.11.7.Final-redhat-00009/quarkus-ide-launcher-1.11.7.Final-redhat-00009.jar:/Users/bruno/.m2/repository/io/smallrye/config/smallrye-config/1.10.2.redhat-00001/smallrye-config-1.10.2.redhat-00001.jar:/Users/bruno/.m2/repository/io/smallrye/config/smallrye-config-common/1.10.2.redhat-00001/smallrye-config-common-1.10.2.redhat-00001.jar:/Users/bruno/.m2/repository/io/smallrye/common/smallrye-common-expression/1.5.0.redhat-00001/smallrye-common-expression-1.5.0.redhat-00001.jar:/Users/bruno/.m2/repository/io/smallrye/common/smallrye-common-function/1.5.0.redhat-00001/smallrye-common-function-1.5.0.redhat-00001.jar:/Users/bruno/.m2/repository/io/smallrye/common/smallrye-common-constraint/1.5.0.redhat-00001/smallrye-common-constraint-1.5.0.redhat-00001.jar:/Users/bruno/.m2/repository/io/smallrye/common/smallrye-common-classloader/1.5.0.redhat-00001/smallrye-common-classloader-1.5.0.redhat-00001.jar:/Users/bruno/.m2/repository/org/jboss/logmanager/jboss-logmanager-embedded/1.0.6.redhat-00001/jboss-logmanager-embedded-1.0.6.redhat-00001.jar:/Users/bruno/.m2/repository/org/jboss/logging/jboss-logging-annotations/2.2.0.Final-redhat-00001/jboss-logging-annotations-2.2.0.Final-redhat-00001.jar:/Users/bruno/.m2/repository/org/jboss/threads/jboss-threads/3.2.0.Final-redhat-00003/jboss-threads-3.2.0.Final-redhat-00003.jar:/Users/bruno/.m2/repository/org/jboss/slf4j/slf4j-jboss-logmanager/1.1.0.Final-redhat-00001/slf4j-jboss-logmanager-1.1.0.Final-redhat-00001.jar:/Users/bruno/.m2/repository/org/graalvm/sdk/graal-sdk/20.3.2.0-0-redhat-00001/graal-sdk-20.3.2.0-0-redhat-00001.jar:/Users/bruno/.m2/repository/org/wildfly/common/wildfly-common/1.5.4.Final-format-001-redhat-00001/wildfly-common-1.5.4.Final-format-001-redhat-00001.jar:/Users/bruno/.m2/repository/io/quarkus/quarkus-bootstrap-runner/1.11.7.Final-redhat-00009/quarkus-bootstrap-runner-1.11.7.Final-redhat-00009.jar:/Users/bruno/.m2/repository/com/thoughtworks/xstream/xstream/1.4.17/xstream-1.4.17.jar:/Users/bruno/.m2/repository/io/github/x-stream/mxparser/1.2.1/mxparser-1.2.1.jar:/Users/bruno/.m2/repository/xmlpull/xmlpull/1.1.3.1/xmlpull-1.1.3.1.jar:/Users/bruno/.m2/repository/org/awaitility/awaitility/4.0.3/awaitility-4.0.3.jar:/Users/bruno/.m2/repository/org/hamcrest/hamcrest/2.1/hamcrest-2.1.jar:/Users/bruno/.m2/repository/org/testcontainers/testcontainers/1.15.2/testcontainers-1.15.2.jar:/Users/bruno/.m2/repository/junit/junit/4.12/junit-4.12.jar:/Users/bruno/.m2/repository/org/hamcrest/hamcrest-core/1.3/hamcrest-core-1.3.jar:/Users/bruno/.m2/repository/org/slf4j/slf4j-api/1.7.30.redhat-00001/slf4j-api-1.7.30.redhat-00001.jar:/Users/bruno/.m2/repository/org/apache/commons/commons-compress/1.20.0.redhat-00002/commons-compress-1.20.0.redhat-00002.jar:/Users/bruno/.m2/repository/org/rnorth/duct-tape/duct-tape/1.0.8/duct-tape-1.0.8.jar:/Users/bruno/.m2/repository/org/rnorth/visible-assertions/visible-assertions/2.1.2/visible-assertions-2.1.2.jar:/Users/bruno/.m2/repository/net/java/dev/jna/jna/5.3.1/jna-5.3.1.jar:/Users/bruno/.m2/repository/com/github/docker-java/docker-java-api/3.2.7/docker-java-api-3.2.7.jar:/Users/bruno/.m2/repository/com/fasterxml/jackson/core/jackson-annotations/2.11.3.redhat-00001/jackson-annotations-2.11.3.redhat-00001.jar:/Users/bruno/.m2/repository/com/github/docker-java/docker-java-transport-zerodep/3.2.7/docker-java-transport-zerodep-3.2.7.jar:/Users/bruno/.m2/repository/com/github/docker-java/docker-java-transport/3.2.7/docker-java-transport-3.2.7.jar:/Users/bruno/.m2/repository/org/apache/camel/quarkus/camel-quarkus-integration-wiremock-support/1.8.1.fuse-800012-redhat-00001/camel-quarkus-integration-wiremock-support-1.8.1.fuse-800012-redhat-00001.jar:/Users/bruno/.m2/repository/org/apache/camel/quarkus/camel-quarkus-integration-test-support/1.8.1.fuse-800012-redhat-00001/camel-quarkus-integration-test-support-1.8.1.fuse-800012-redhat-00001.jar:/Users/bruno/.m2/repository/org/assertj/assertj-core/3.18.1/assertj-core-3.18.1.jar:/Users/bruno/.m2/repository/org/apache/camel/quarkus/camel-quarkus-integration-test-support-mock-backend/1.8.1.fuse-800012-redhat-00001/camel-quarkus-integration-test-support-mock-backend-1.8.1.fuse-800012-redhat-00001.jar:/Users/bruno/.m2/repository/org/eclipse/microprofile/config/microprofile-config-api/1.4.0.redhat-00006/microprofile-config-api-1.4.0.redhat-00006.jar:/Users/bruno/.m2/repository/com/github/tomakehurst/wiremock-jre8/2.27.2/wiremock-jre8-2.27.2.jar:/Users/bruno/.m2/repository/org/eclipse/jetty/jetty-server/9.4.40.v20210413/jetty-server-9.4.40.v20210413.jar:/Users/bruno/.m2/repository/javax/servlet/javax.servlet-api/3.1.0/javax.servlet-api-3.1.0.jar:/Users/bruno/.m2/repository/org/eclipse/jetty/jetty-http/9.4.40.v20210413/jetty-http-9.4.40.v20210413.jar:/Users/bruno/.m2/repository/org/eclipse/jetty/jetty-io/9.4.40.v20210413/jetty-io-9.4.40.v20210413.jar:/Users/bruno/.m2/repository/org/eclipse/jetty/jetty-servlet/9.4.40.v20210413/jetty-servlet-9.4.40.v20210413.jar:/Users/bruno/.m2/repository/org/eclipse/jetty/jetty-security/9.4.40.v20210413/jetty-security-9.4.40.v20210413.jar:/Users/bruno/.m2/repository/org/eclipse/jetty/jetty-util-ajax/9.4.40.v20210413/jetty-util-ajax-9.4.40.v20210413.jar:/Users/bruno/.m2/repository/org/eclipse/jetty/jetty-servlets/9.4.40.v20210413/jetty-servlets-9.4.40.v20210413.jar:/Users/bruno/.m2/repository/org/eclipse/jetty/jetty-continuation/9.4.40.v20210413/jetty-continuation-9.4.40.v20210413.jar:/Users/bruno/.m2/repository/org/eclipse/jetty/jetty-util/9.4.40.v20210413/jetty-util-9.4.40.v20210413.jar:/Users/bruno/.m2/repository/org/eclipse/jetty/jetty-webapp/9.4.40.v20210413/jetty-webapp-9.4.40.v20210413.jar:/Users/bruno/.m2/repository/org/eclipse/jetty/jetty-xml/9.4.40.v20210413/jetty-xml-9.4.40.v20210413.jar:/Users/bruno/.m2/repository/org/eclipse/jetty/jetty-proxy/9.4.40.v20210413/jetty-proxy-9.4.40.v20210413.jar:/Users/bruno/.m2/repository/org/eclipse/jetty/jetty-client/9.4.40.v20210413/jetty-client-9.4.40.v20210413.jar:/Users/bruno/.m2/repository/com/google/guava/guava/29.0-jre/guava-29.0-jre.jar:/Users/bruno/.m2/repository/com/google/guava/failureaccess/1.0.1/failureaccess-1.0.1.jar:/Users/bruno/.m2/repository/com/google/guava/listenablefuture/9999.0.0.empty-to-avoid-conflict-with-guava-redhat-00001/listenablefuture-9999.0.0.empty-to-avoid-conflict-with-guava-redhat-00001.jar:/Users/bruno/.m2/repository/com/google/errorprone/error_prone_annotations/2.2.0.redhat-00001/error_prone_annotations-2.2.0.redhat-00001.jar:/Users/bruno/.m2/repository/com/google/j2objc/j2objc-annotations/1.3/j2objc-annotations-1.3.jar:/Users/bruno/.m2/repository/com/fasterxml/jackson/core/jackson-core/2.11.3.redhat-00001/jackson-core-2.11.3.redhat-00001.jar:/Users/bruno/.m2/repository/org/xmlunit/xmlunit-core/2.7.0/xmlunit-core-2.7.0.jar:/Users/bruno/.m2/repository/org/xmlunit/xmlunit-legacy/2.7.0/xmlunit-legacy-2.7.0.jar:/Users/bruno/.m2/repository/org/xmlunit/xmlunit-placeholders/2.7.0/xmlunit-placeholders-2.7.0.jar:/Users/bruno/.m2/repository/com/jayway/jsonpath/json-path/2.4.0/json-path-2.4.0.jar:/Users/bruno/.m2/repository/net/minidev/json-smart/2.3/json-smart-2.3.jar:/Users/bruno/.m2/repository/net/minidev/accessors-smart/1.2/accessors-smart-1.2.jar:/Users/bruno/.m2/repository/org/ow2/asm/asm/9.0/asm-9.0.jar:/Users/bruno/.m2/repository/net/sf/jopt-simple/jopt-simple/5.0.3/jopt-simple-5.0.3.jar:/Users/bruno/.m2/repository/org/apache/commons/commons-lang3/3.11.0.redhat-00001/commons-lang3-3.11.0.redhat-00001.jar:/Users/bruno/.m2/repository/com/github/jknack/handlebars/4.2.0/handlebars-4.2.0.jar:/Users/bruno/.m2/repository/com/github/jknack/handlebars-helpers/4.2.0/handlebars-helpers-4.2.0.jar:/Users/bruno/.m2/repository/com/flipkart/zjsonpatch/zjsonpatch/0.4.4/zjsonpatch-0.4.4.jar:/Users/bruno/.m2/repository/commons-fileupload/commons-fileupload/1.4/commons-fileupload-1.4.jar:/Users/bruno/.m2/repository/commons-io/commons-io/2.8.0.redhat-00001/commons-io-2.8.0.redhat-00001.jar:/Users/bruno/.m2/repository/org/eclipse/jetty/http2/http2-server/9.4.40.v20210413/http2-server-9.4.40.v20210413.jar:/Users/bruno/.m2/repository/org/eclipse/jetty/http2/http2-common/9.4.40.v20210413/http2-common-9.4.40.v20210413.jar:/Users/bruno/.m2/repository/org/eclipse/jetty/http2/http2-hpack/9.4.40.v20210413/http2-hpack-9.4.40.v20210413.jar:/Users/bruno/.m2/repository/org/eclipse/jetty/jetty-alpn-server/9.4.40.v20210413/jetty-alpn-server-9.4.40.v20210413.jar:/Users/bruno/.m2/repository/org/eclipse/jetty/jetty-alpn-conscrypt-server/9.4.40.v20210413/jetty-alpn-conscrypt-server-9.4.40.v20210413.jar:/Users/bruno/.m2/repository/org/eclipse/jetty/jetty-alpn-conscrypt-client/9.4.40.v20210413/jetty-alpn-conscrypt-client-9.4.40.v20210413.jar:/Users/bruno/.m2/repository/org/eclipse/jetty/jetty-alpn-client/9.4.40.v20210413/jetty-alpn-client-9.4.40.v20210413.jar:/Users/bruno/.m2/repository/org/conscrypt/conscrypt-openjdk-uber/2.2.1/conscrypt-openjdk-uber-2.2.1.jar:/Users/bruno/.m2/repository/net/javacrumbs/json-unit/json-unit-core/2.12.0/json-unit-core-2.12.0.jar:/Users/bruno/.m2/repository/org/jboss/logging/jboss-logging/3.4.1.Final-redhat-00002/jboss-logging-3.4.1.Final-redhat-00002.jar:/Users/bruno/.m2/repository/io/rest-assured/rest-assured/4.3.3/rest-assured-4.3.3.jar:/Users/bruno/.m2/repository/org/codehaus/groovy/groovy/3.0.7/groovy-3.0.7.jar:/Users/bruno/.m2/repository/org/codehaus/groovy/groovy-xml/3.0.7/groovy-xml-3.0.7.jar:/Users/bruno/.m2/repository/org/apache/httpcomponents/httpclient/4.5.13.redhat-00002/httpclient-4.5.13.redhat-00002.jar:/Users/bruno/.m2/repository/org/apache/httpcomponents/httpcore/4.4.14.redhat-00001/httpcore-4.4.14.redhat-00001.jar:/Users/bruno/.m2/repository/commons-codec/commons-codec/1.14.0.redhat-00001/commons-codec-1.14.0.redhat-00001.jar:/Users/bruno/.m2/repository/org/apache/httpcomponents/httpmime/4.5.13.redhat-00002/httpmime-4.5.13.redhat-00002.jar:/Users/bruno/.m2/repository/org/ccil/cowan/tagsoup/tagsoup/1.2.1/tagsoup-1.2.1.jar:/Users/bruno/.m2/repository/io/rest-assured/json-path/4.3.3/json-path-4.3.3.jar:/Users/bruno/.m2/repository/org/codehaus/groovy/groovy-json/3.0.7/groovy-json-3.0.7.jar:/Users/bruno/.m2/repository/io/rest-assured/rest-assured-common/4.3.3/rest-assured-common-4.3.3.jar:/Users/bruno/.m2/repository/io/rest-assured/xml-path/4.3.3/xml-path-4.3.3.jar:/Users/bruno/.m2/repository/jakarta/xml/bind/jakarta.xml.bind-api/2.3.2/jakarta.xml.bind-api-2.3.2.jar:/Users/bruno/.m2/repository/jakarta/activation/jakarta.activation-api/1.2.1.redhat-00002/jakarta.activation-api-1.2.1.redhat-00002.jar:/Users/bruno/.m2/repository/com/sun/xml/bind/jaxb-impl/2.3.3/jaxb-impl-2.3.3.jar:"/>
    <property name="java.vm.vendor" value="AdoptOpenJDK"/>
    <property name="sun.arch.data.model" value="64"/>
    <property name="java.vendor.url" value="https://adoptopenjdk.net/"/>
    <property name="user.timezone" value=""/>
    <property name="java.vm.specification.version" value="11"/>
    <property name="os.name" value="Mac OS X"/>
    <property name="sun.java.launcher" value="SUN_STANDARD"/>
    <property name="user.country" value="GB"/>
    <property name="sun.boot.library.path" value="/Library/Java/JavaVirtualMachines/adoptopenjdk-11.jdk/Contents/Home/lib"/>
    <property name="sun.java.command" value="/Users/bruno/workspace_tmm/sizing/camel-sizing-patterns/camelq/level1simple/target/surefire/surefirebooter5077381694856887550.jar /Users/bruno/workspace_tmm/sizing/camel-sizing-patterns/camelq/level1simple/target/surefire 2021-10-21T19-46-18_959-jvmRun1 surefire12005864042612239434tmp surefire_02861177956388196868tmp"/>
    <property name="http.nonProxyHosts" value="local|*.local|169.254/16|*.169.254/16"/>
    <property name="jdk.debug" value="release"/>
    <property name="surefire.test.class.path" value="/Users/bruno/workspace_tmm/sizing/camel-sizing-patterns/camelq/level1simple/target/test-classes:/Users/bruno/workspace_tmm/sizing/camel-sizing-patterns/camelq/level1simple/target/classes:/Users/bruno/.m2/repository/org/apache/camel/quarkus/camel-quarkus-xml-io-dsl/1.8.1.fuse-800012-redhat-00001/camel-quarkus-xml-io-dsl-1.8.1.fuse-800012-redhat-00001.jar:/Users/bruno/.m2/repository/org/apache/camel/quarkus/camel-quarkus-core/1.8.1.fuse-800012-redhat-00001/camel-quarkus-core-1.8.1.fuse-800012-redhat-00001.jar:/Users/bruno/.m2/repository/io/quarkus/quarkus-arc/1.11.7.Final-redhat-00009/quarkus-arc-1.11.7.Final-redhat-00009.jar:/Users/bruno/.m2/repository/io/quarkus/arc/arc/1.11.7.Final-redhat-00009/arc-1.11.7.Final-redhat-00009.jar:/Users/bruno/.m2/repository/jakarta/transaction/jakarta.transaction-api/1.3.3.redhat-00002/jakarta.transaction-api-1.3.3.redhat-00002.jar:/Users/bruno/.m2/repository/org/eclipse/microprofile/context-propagation/microprofile-context-propagation-api/1.0.1.redhat-00002/microprofile-context-propagation-api-1.0.1.redhat-00002.jar:/Users/bruno/.m2/repository/org/apache/camel/quarkus/camel-quarkus-support-common/1.8.1.fuse-800012-redhat-00001/camel-quarkus-support-common-1.8.1.fuse-800012-redhat-00001.jar:/Users/bruno/.m2/repository/io/quarkus/quarkus-development-mode-spi/1.11.7.Final-redhat-00009/quarkus-development-mode-spi-1.11.7.Final-redhat-00009.jar:/Users/bruno/.m2/repository/org/apache/camel/camel-base/3.10.0.fuse-800010-redhat-00001/camel-base-3.10.0.fuse-800010-redhat-00001.jar:/Users/bruno/.m2/repository/org/apache/camel/camel-componentdsl/3.10.0.fuse-800010-redhat-00001/camel-componentdsl-3.10.0.fuse-800010-redhat-00001.jar:/Users/bruno/.m2/repository/org/apache/camel/camel-core-catalog/3.10.0.fuse-800010-redhat-00001/camel-core-catalog-3.10.0.fuse-800010-redhat-00001.jar:/Users/bruno/.m2/repository/org/apache/camel/camel-core-engine/3.10.0.fuse-800010-redhat-00001/camel-core-engine-3.10.0.fuse-800010-redhat-00001.jar:/Users/bruno/.m2/repository/org/apache/camel/camel-base-engine/3.10.0.fuse-800010-redhat-00001/camel-base-engine-3.10.0.fuse-800010-redhat-00001.jar:/Users/bruno/.m2/repository/org/apache/camel/camel-core-reifier/3.10.0.fuse-800010-redhat-00001/camel-core-reifier-3.10.0.fuse-800010-redhat-00001.jar:/Users/bruno/.m2/repository/org/apache/camel/camel-core-languages/3.10.0.fuse-800010-redhat-00001/camel-core-languages-3.10.0.fuse-800010-redhat-00001.jar:/Users/bruno/.m2/repository/org/apache/camel/camel-core-processor/3.10.0.fuse-800010-redhat-00001/camel-core-processor-3.10.0.fuse-800010-redhat-00001.jar:/Users/bruno/.m2/repository/org/apache/camel/camel-endpointdsl/3.10.0.fuse-800010-redhat-00001/camel-endpointdsl-3.10.0.fuse-800010-redhat-00001.jar:/Users/bruno/.m2/repository/org/apache/camel/camel-main/3.10.0.fuse-800010-redhat-00001/camel-main-3.10.0.fuse-800010-redhat-00001.jar:/Users/bruno/.m2/repository/org/apache/camel/camel-microprofile-config/3.10.0.fuse-800010-redhat-00001/camel-microprofile-config-3.10.0.fuse-800010-redhat-00001.jar:/Users/bruno/.m2/repository/org/apache/camel/camel-xml-io/3.10.0.fuse-800010-redhat-00001/camel-xml-io-3.10.0.fuse-800010-redhat-00001.jar:/Users/bruno/.m2/repository/org/apache/camel/camel-xml-io-util/3.10.0.fuse-800010-redhat-00001/camel-xml-io-util-3.10.0.fuse-800010-redhat-00001.jar:/Users/bruno/.m2/repository/org/apache/camel/camel-xml-io-dsl/3.10.0.fuse-800010-redhat-00001/camel-xml-io-dsl-3.10.0.fuse-800010-redhat-00001.jar:/Users/bruno/.m2/repository/org/apache/camel/camel-core-model/3.10.0.fuse-800010-redhat-00001/camel-core-model-3.10.0.fuse-800010-redhat-00001.jar:/Users/bruno/.m2/repository/org/apache/camel/camel-dsl-support/3.10.0.fuse-800010-redhat-00001/camel-dsl-support-3.10.0.fuse-800010-redhat-00001.jar:/Users/bruno/.m2/repository/io/quarkus/quarkus-openshift/1.11.7.Final-redhat-00009/quarkus-openshift-1.11.7.Final-redhat-00009.jar:/Users/bruno/.m2/repository/io/quarkus/quarkus-kubernetes-client-internal/1.11.7.Final-redhat-00009/quarkus-kubernetes-client-internal-1.11.7.Final-redhat-00009.jar:/Users/bruno/.m2/repository/org/apache/camel/quarkus/camel-quarkus-direct/1.8.1.fuse-800012-redhat-00001/camel-quarkus-direct-1.8.1.fuse-800012-redhat-00001.jar:/Users/bruno/.m2/repository/org/apache/camel/camel-direct/3.10.0.fuse-800010-redhat-00001/camel-direct-3.10.0.fuse-800010-redhat-00001.jar:/Users/bruno/.m2/repository/org/apache/camel/quarkus/camel-quarkus-atlasmap/1.8.1.fuse-800012-redhat-00001/camel-quarkus-atlasmap-1.8.1.fuse-800012-redhat-00001.jar:/Users/bruno/.m2/repository/io/quarkus/quarkus-jackson/1.11.7.Final-redhat-00009/quarkus-jackson-1.11.7.Final-redhat-00009.jar:/Users/bruno/.m2/repository/com/fasterxml/jackson/core/jackson-databind/2.11.3.redhat-00001/jackson-databind-2.11.3.redhat-00001.jar:/Users/bruno/.m2/repository/com/fasterxml/jackson/datatype/jackson-datatype-jsr310/2.11.3.redhat-00001/jackson-datatype-jsr310-2.11.3.redhat-00001.jar:/Users/bruno/.m2/repository/com/fasterxml/jackson/datatype/jackson-datatype-jdk8/2.11.3.redhat-00001/jackson-datatype-jdk8-2.11.3.redhat-00001.jar:/Users/bruno/.m2/repository/com/fasterxml/jackson/module/jackson-module-parameter-names/2.11.3.redhat-00001/jackson-module-parameter-names-2.11.3.redhat-00001.jar:/Users/bruno/.m2/repository/org/apache/camel/quarkus/camel-quarkus-language/1.8.1.fuse-800012-redhat-00001/camel-quarkus-language-1.8.1.fuse-800012-redhat-00001.jar:/Users/bruno/.m2/repository/org/apache/camel/camel-language/3.10.0.fuse-800010-redhat-00001/camel-language-3.10.0.fuse-800010-redhat-00001.jar:/Users/bruno/.m2/repository/org/apache/camel/quarkus/camel-quarkus-rest/1.8.1.fuse-800012-redhat-00001/camel-quarkus-rest-1.8.1.fuse-800012-redhat-00001.jar:/Users/bruno/.m2/repository/org/apache/camel/quarkus/camel-quarkus-platform-http/1.8.1.fuse-800012-redhat-00001/camel-quarkus-platform-http-1.8.1.fuse-800012-redhat-00001.jar:/Users/bruno/.m2/repository/org/apache/camel/quarkus/camel-quarkus-attachments/1.8.1.fuse-800012-redhat-00001/camel-quarkus-attachments-1.8.1.fuse-800012-redhat-00001.jar:/Users/bruno/.m2/repository/org/apache/camel/camel-attachments/3.10.0.fuse-800010-redhat-00001/camel-attachments-3.10.0.fuse-800010-redhat-00001.jar:/Users/bruno/.m2/repository/com/sun/activation/javax.activation/1.2.0/javax.activation-1.2.0.jar:/Users/bruno/.m2/repository/org/apache/camel/camel-platform-http-vertx/3.10.0.fuse-800010-redhat-00001/camel-platform-http-vertx-3.10.0.fuse-800010-redhat-00001.jar:/Users/bruno/.m2/repository/org/apache/camel/camel-platform-http/3.10.0.fuse-800010-redhat-00001/camel-platform-http-3.10.0.fuse-800010-redhat-00001.jar:/Users/bruno/.m2/repository/org/apache/camel/camel-vertx-common/3.10.0.fuse-800010-redhat-00001/camel-vertx-common-3.10.0.fuse-800010-redhat-00001.jar:/Users/bruno/.m2/repository/io/vertx/vertx-core/3.9.6.redhat-00001/vertx-core-3.9.6.redhat-00001.jar:/Users/bruno/.m2/repository/io/netty/netty-common/4.1.49.Final-redhat-00001/netty-common-4.1.49.Final-redhat-00001.jar:/Users/bruno/.m2/repository/io/netty/netty-buffer/4.1.49.Final-redhat-00001/netty-buffer-4.1.49.Final-redhat-00001.jar:/Users/bruno/.m2/repository/io/netty/netty-transport/4.1.49.Final-redhat-00001/netty-transport-4.1.49.Final-redhat-00001.jar:/Users/bruno/.m2/repository/io/netty/netty-handler/4.1.49.Final-redhat-00001/netty-handler-4.1.49.Final-redhat-00001.jar:/Users/bruno/.m2/repository/io/netty/netty-handler-proxy/4.1.49.Final-redhat-00001/netty-handler-proxy-4.1.49.Final-redhat-00001.jar:/Users/bruno/.m2/repository/io/netty/netty-codec-socks/4.1.49.Final-redhat-00001/netty-codec-socks-4.1.49.Final-redhat-00001.jar:/Users/bruno/.m2/repository/io/netty/netty-codec-http/4.1.49.Final-redhat-00001/netty-codec-http-4.1.49.Final-redhat-00001.jar:/Users/bruno/.m2/repository/io/netty/netty-codec-http2/4.1.49.Final-redhat-00001/netty-codec-http2-4.1.49.Final-redhat-00001.jar:/Users/bruno/.m2/repository/io/netty/netty-resolver/4.1.49.Final-redhat-00001/netty-resolver-4.1.49.Final-redhat-00001.jar:/Users/bruno/.m2/repository/io/netty/netty-resolver-dns/4.1.49.Final-redhat-00001/netty-resolver-dns-4.1.49.Final-redhat-00001.jar:/Users/bruno/.m2/repository/io/netty/netty-codec-dns/4.1.49.Final-redhat-00001/netty-codec-dns-4.1.49.Final-redhat-00001.jar:/Users/bruno/.m2/repository/io/vertx/vertx-web/3.9.6.redhat-00001/vertx-web-3.9.6.redhat-00001.jar:/Users/bruno/.m2/repository/io/vertx/vertx-web-common/3.9.6.redhat-00001/vertx-web-common-3.9.6.redhat-00001.jar:/Users/bruno/.m2/repository/io/vertx/vertx-auth-common/3.9.6.redhat-00001/vertx-auth-common-3.9.6.redhat-00001.jar:/Users/bruno/.m2/repository/io/vertx/vertx-bridge-common/3.9.6.redhat-00001/vertx-bridge-common-3.9.6.redhat-00001.jar:/Users/bruno/.m2/repository/io/quarkus/quarkus-vertx-web/1.11.7.Final-redhat-00009/quarkus-vertx-web-1.11.7.Final-redhat-00009.jar:/Users/bruno/.m2/repository/io/quarkus/quarkus-vertx/1.11.7.Final-redhat-00009/quarkus-vertx-1.11.7.Final-redhat-00009.jar:/Users/bruno/.m2/repository/io/quarkus/quarkus-netty/1.11.7.Final-redhat-00009/quarkus-netty-1.11.7.Final-redhat-00009.jar:/Users/bruno/.m2/repository/io/netty/netty-codec/4.1.49.Final-redhat-00001/netty-codec-4.1.49.Final-redhat-00001.jar:/Users/bruno/.m2/repository/io/quarkus/quarkus-vertx-core/1.11.7.Final-redhat-00009/quarkus-vertx-core-1.11.7.Final-redhat-00009.jar:/Users/bruno/.m2/repository/io/smallrye/reactive/smallrye-axle-generator/1.3.0.redhat-00002/smallrye-axle-generator-1.3.0.redhat-00002.jar:/Users/bruno/.m2/repository/io/smallrye/reactive/mutiny-reactive-streams-operators/0.12.5.redhat-00001/mutiny-reactive-streams-operators-0.12.5.redhat-00001.jar:/Users/bruno/.m2/repository/org/eclipse/microprofile/reactive-streams-operators/microprofile-reactive-streams-operators-api/1.0.1.redhat-00001/microprofile-reactive-streams-operators-api-1.0.1.redhat-00001.jar:/Users/bruno/.m2/repository/org/eclipse/microprofile/reactive-streams-operators/microprofile-reactive-streams-operators-core/1.0.1.redhat-00001/microprofile-reactive-streams-operators-core-1.0.1.redhat-00001.jar:/Users/bruno/.m2/repository/org/reactivestreams/reactive-streams/1.0.3.redhat-00003/reactive-streams-1.0.3.redhat-00003.jar:/Users/bruno/.m2/repository/io/smallrye/reactive/smallrye-axle-core/1.3.0.redhat-00002/smallrye-axle-core-1.3.0.redhat-00002.jar:/Users/bruno/.m2/repository/io/vertx/vertx-rx-java2/3.9.6.redhat-00001/vertx-rx-java2-3.9.6.redhat-00001.jar:/Users/bruno/.m2/repository/io/reactivex/rxjava2/rxjava/2.2.20.redhat-00002/rxjava-2.2.20.redhat-00002.jar:/Users/bruno/.m2/repository/io/vertx/vertx-rx-gen/3.9.6.redhat-00001/vertx-rx-gen-3.9.6.redhat-00001.jar:/Users/bruno/.m2/repository/io/vertx/vertx-codegen/3.9.6/vertx-codegen-3.9.6.jar:/Users/bruno/.m2/repository/org/mvel/mvel2/2.4.12.Final/mvel2-2.4.12.Final.jar:/Users/bruno/.m2/repository/io/quarkus/quarkus-mutiny/1.11.7.Final-redhat-00009/quarkus-mutiny-1.11.7.Final-redhat-00009.jar:/Users/bruno/.m2/repository/io/quarkus/quarkus-smallrye-context-propagation/1.11.7.Final-redhat-00009/quarkus-smallrye-context-propagation-1.11.7.Final-redhat-00009.jar:/Users/bruno/.m2/repository/io/smallrye/smallrye-context-propagation/1.0.19.redhat-00004/smallrye-context-propagation-1.0.19.redhat-00004.jar:/Users/bruno/.m2/repository/io/smallrye/smallrye-context-propagation-api/1.0.19.redhat-00004/smallrye-context-propagation-api-1.0.19.redhat-00004.jar:/Users/bruno/.m2/repository/io/smallrye/reactive/mutiny-context-propagation/0.12.5.redhat-00001/mutiny-context-propagation-0.12.5.redhat-00001.jar:/Users/bruno/.m2/repository/io/smallrye/reactive/smallrye-mutiny-vertx-core/1.3.0.redhat-00002/smallrye-mutiny-vertx-core-1.3.0.redhat-00002.jar:/Users/bruno/.m2/repository/io/smallrye/reactive/smallrye-mutiny-vertx-runtime/1.3.0.redhat-00002/smallrye-mutiny-vertx-runtime-1.3.0.redhat-00002.jar:/Users/bruno/.m2/repository/io/smallrye/reactive/vertx-mutiny-generator/1.3.0.redhat-00002/vertx-mutiny-generator-1.3.0.redhat-00002.jar:/Users/bruno/.m2/repository/io/smallrye/common/smallrye-common-annotation/1.5.0.redhat-00001/smallrye-common-annotation-1.5.0.redhat-00001.jar:/Users/bruno/.m2/repository/io/quarkus/quarkus-vertx-http/1.11.7.Final-redhat-00009/quarkus-vertx-http-1.11.7.Final-redhat-00009.jar:/Users/bruno/.m2/repository/io/quarkus/quarkus-security-runtime-spi/1.11.7.Final-redhat-00009/quarkus-security-runtime-spi-1.11.7.Final-redhat-00009.jar:/Users/bruno/.m2/repository/io/quarkus/quarkus-vertx-http-dev-console-runtime-spi/1.11.7.Final-redhat-00009/quarkus-vertx-http-dev-console-runtime-spi-1.11.7.Final-redhat-00009.jar:/Users/bruno/.m2/repository/io/quarkus/security/quarkus-security/1.1.3.Final-redhat-00001/quarkus-security-1.1.3.Final-redhat-00001.jar:/Users/bruno/.m2/repository/io/smallrye/reactive/mutiny/0.12.5.redhat-00001/mutiny-0.12.5.redhat-00001.jar:/Users/bruno/.m2/repository/org/apache/camel/camel-rest/3.10.0.fuse-800010-redhat-00001/camel-rest-3.10.0.fuse-800010-redhat-00001.jar:/Users/bruno/.m2/repository/org/apache/camel/camel-tooling-model/3.10.0.fuse-800010-redhat-00001/camel-tooling-model-3.10.0.fuse-800010-redhat-00001.jar:/Users/bruno/.m2/repository/org/apache/camel/camel-util-json/3.10.0.fuse-800010-redhat-00001/camel-util-json-3.10.0.fuse-800010-redhat-00001.jar:/Users/bruno/.m2/repository/org/apache/camel/camel-atlasmap/3.10.0.fuse-800010-redhat-00001/camel-atlasmap-3.10.0.fuse-800010-redhat-00001.jar:/Users/bruno/.m2/repository/org/apache/camel/camel-support/3.10.0.fuse-800010-redhat-00001/camel-support-3.10.0.fuse-800010-redhat-00001.jar:/Users/bruno/.m2/repository/org/apache/camel/camel-api/3.10.0.fuse-800010-redhat-00001/camel-api-3.10.0.fuse-800010-redhat-00001.jar:/Users/bruno/.m2/repository/org/apache/camel/camel-management-api/3.10.0.fuse-800010-redhat-00001/camel-management-api-3.10.0.fuse-800010-redhat-00001.jar:/Users/bruno/.m2/repository/org/apache/camel/camel-util/3.10.0.fuse-800010-redhat-00001/camel-util-3.10.0.fuse-800010-redhat-00001.jar:/Users/bruno/.m2/repository/org/apache/camel/camel-mock/3.10.0.fuse-800010-redhat-00001/camel-mock-3.10.0.fuse-800010-redhat-00001.jar:/Users/bruno/.m2/repository/io/atlasmap/atlas-api/2.2.2/atlas-api-2.2.2.jar:/Users/bruno/.m2/repository/io/atlasmap/atlas-model/2.2.2/atlas-model-2.2.2.jar:/Users/bruno/.m2/repository/com/fasterxml/jackson/module/jackson-module-jsonSchema/2.11.3/jackson-module-jsonSchema-2.11.3.jar:/Users/bruno/.m2/repository/javax/validation/validation-api/1.1.0.Final/validation-api-1.1.0.Final.jar:/Users/bruno/.m2/repository/io/atlasmap/atlas-expression/2.2.2/atlas-expression-2.2.2.jar:/Users/bruno/.m2/repository/io/atlasmap/atlas-core/2.2.2/atlas-core-2.2.2.jar:/Users/bruno/.m2/repository/io/atlasmap/atlas-java-module/2.2.2/atlas-java-module-2.2.2.jar:/Users/bruno/.m2/repository/io/atlasmap/atlas-java-model/2.2.2/atlas-java-model-2.2.2.jar:/Users/bruno/.m2/repository/io/atlasmap/atlas-java-core/2.2.2/atlas-java-core-2.2.2.jar:/Users/bruno/.m2/repository/io/atlasmap/atlas-json-module/2.2.2/atlas-json-module-2.2.2.jar:/Users/bruno/.m2/repository/io/atlasmap/atlas-json-model/2.2.2/atlas-json-model-2.2.2.jar:/Users/bruno/.m2/repository/io/atlasmap/atlas-json-core/2.2.2/atlas-json-core-2.2.2.jar:/Users/bruno/.m2/repository/io/atlasmap/atlas-core/2.2.2/atlas-core-2.2.2-tests.jar:/Users/bruno/.m2/repository/io/atlasmap/atlas-xml-module/2.2.2/atlas-xml-module-2.2.2.jar:/Users/bruno/.m2/repository/io/atlasmap/atlas-xml-model/2.2.2/atlas-xml-model-2.2.2.jar:/Users/bruno/.m2/repository/io/atlasmap/atlas-xml-core/2.2.2/atlas-xml-core-2.2.2.jar:/Users/bruno/.m2/repository/io/atlasmap/com/sun/xsom/xsom/2.2.2/xsom-2.2.2.jar:/Users/bruno/.m2/repository/relaxngDatatype/relaxngDatatype/20020414/relaxngDatatype-20020414.jar:/Users/bruno/.m2/repository/io/atlasmap/atlas-csv-module/2.2.2/atlas-csv-module-2.2.2.jar:/Users/bruno/.m2/repository/io/atlasmap/atlas-csv-core/2.2.2/atlas-csv-core-2.2.2.jar:/Users/bruno/.m2/repository/io/atlasmap/atlas-csv-model/2.2.2/atlas-csv-model-2.2.2.jar:/Users/bruno/.m2/repository/org/apache/commons/commons-csv/1.8/commons-csv-1.8.jar:/Users/bruno/.m2/repository/io/atlasmap/atlas-dfdl-module/2.2.2/atlas-dfdl-module-2.2.2.jar:/Users/bruno/.m2/repository/io/atlasmap/atlas-dfdl-model/2.2.2/atlas-dfdl-model-2.2.2.jar:/Users/bruno/.m2/repository/io/atlasmap/atlas-dfdl-core/2.2.2/atlas-dfdl-core-2.2.2.jar:/Users/bruno/.m2/repository/org/apache/daffodil/daffodil-japi_2.12/3.0.0/daffodil-japi_2.12-3.0.0.jar:/Users/bruno/.m2/repository/org/scala-lang/scala-library/2.12.13/scala-library-2.12.13.jar:/Users/bruno/.m2/repository/org/apache/daffodil/daffodil-core_2.12/3.0.0/daffodil-core_2.12-3.0.0.jar:/Users/bruno/.m2/repository/org/apache/daffodil/daffodil-runtime1-unparser_2.12/3.0.0/daffodil-runtime1-unparser_2.12-3.0.0.jar:/Users/bruno/.m2/repository/org/apache/daffodil/daffodil-runtime1_2.12/3.0.0/daffodil-runtime1_2.12-3.0.0.jar:/Users/bruno/.m2/repository/org/apache/daffodil/daffodil-io_2.12/3.0.0/daffodil-io_2.12-3.0.0.jar:/Users/bruno/.m2/repository/org/apache/daffodil/daffodil-lib_2.12/3.0.0/daffodil-lib_2.12-3.0.0.jar:/Users/bruno/.m2/repository/org/apache/daffodil/daffodil-udf_2.12/3.0.0/daffodil-udf_2.12-3.0.0.jar:/Users/bruno/.m2/repository/org/scala-lang/modules/scala-xml_2.12/1.3.0/scala-xml_2.12-1.3.0.jar:/Users/bruno/.m2/repository/org/scala-lang/modules/scala-parser-combinators_2.12/1.1.2/scala-parser-combinators_2.12-1.1.2.jar:/Users/bruno/.m2/repository/com/ibm/icu/icu4j/67.1/icu4j-67.1.jar:/Users/bruno/.m2/repository/xerces/xercesImpl/2.12.0/xercesImpl-2.12.0.jar:/Users/bruno/.m2/repository/xml-apis/xml-apis/1.4.01/xml-apis-1.4.01.jar:/Users/bruno/.m2/repository/xml-resolver/xml-resolver/1.2/xml-resolver-1.2.jar:/Users/bruno/.m2/repository/jline/jline/2.14.6/jline-2.14.6.jar:/Users/bruno/.m2/repository/org/jdom/jdom2/2.0.6/jdom2-2.0.6.jar:/Users/bruno/.m2/repository/com/fasterxml/woodstox/woodstox-core/6.1.1/woodstox-core-6.1.1.jar:/Users/bruno/.m2/repository/org/codehaus/woodstox/stax2-api/4.2.0.redhat-00001/stax2-api-4.2.0.redhat-00001.jar:/Users/bruno/.m2/repository/org/apache/camel/quarkus/camel-quarkus-http/1.8.1.fuse-800012-redhat-00001/camel-quarkus-http-1.8.1.fuse-800012-redhat-00001.jar:/Users/bruno/.m2/repository/org/apache/camel/quarkus/camel-quarkus-http-common/1.8.1.fuse-800012-redhat-00001/camel-quarkus-http-common-1.8.1.fuse-800012-redhat-00001.jar:/Users/bruno/.m2/repository/org/apache/camel/camel-http-common/3.10.0.fuse-800010-redhat-00001/camel-http-common-3.10.0.fuse-800010-redhat-00001.jar:/Users/bruno/.m2/repository/org/apache/camel/camel-http-base/3.10.0.fuse-800010-redhat-00001/camel-http-base-3.10.0.fuse-800010-redhat-00001.jar:/Users/bruno/.m2/repository/jakarta/servlet/jakarta.servlet-api/4.0.3.redhat-00002/jakarta.servlet-api-4.0.3.redhat-00002.jar:/Users/bruno/.m2/repository/org/apache/camel/quarkus/camel-quarkus-support-httpclient/1.8.1.fuse-800012-redhat-00001/camel-quarkus-support-httpclient-1.8.1.fuse-800012-redhat-00001.jar:/Users/bruno/.m2/repository/org/apache/camel/quarkus/camel-quarkus-support-commons-logging/1.8.1.fuse-800012-redhat-00001/camel-quarkus-support-commons-logging-1.8.1.fuse-800012-redhat-00001.jar:/Users/bruno/.m2/repository/org/apache/camel/camel-http/3.10.0.fuse-800010-redhat-00001/camel-http-3.10.0.fuse-800010-redhat-00001.jar:/Users/bruno/.m2/repository/org/apache/camel/camel-cloud/3.10.0.fuse-800010-redhat-00001/camel-cloud-3.10.0.fuse-800010-redhat-00001.jar:/Users/bruno/.m2/repository/org/apache/camel/camel-file/3.10.0.fuse-800010-redhat-00001/camel-file-3.10.0.fuse-800010-redhat-00001.jar:/Users/bruno/.m2/repository/org/apache/camel/camel-cluster/3.10.0.fuse-800010-redhat-00001/camel-cluster-3.10.0.fuse-800010-redhat-00001.jar:/Users/bruno/.m2/repository/io/quarkus/quarkus-junit5/1.11.7.Final/quarkus-junit5-1.11.7.Final.jar:/Users/bruno/.m2/repository/io/quarkus/quarkus-bootstrap-core/1.11.7.Final-redhat-00009/quarkus-bootstrap-core-1.11.7.Final-redhat-00009.jar:/Users/bruno/.m2/repository/io/quarkus/quarkus-bootstrap-app-model/1.11.7.Final-redhat-00009/quarkus-bootstrap-app-model-1.11.7.Final-redhat-00009.jar:/Users/bruno/.m2/repository/io/quarkus/quarkus-bootstrap-maven-resolver/1.11.7.Final-redhat-00009/quarkus-bootstrap-maven-resolver-1.11.7.Final-redhat-00009.jar:/Users/bruno/.m2/repository/org/apache/maven/maven-embedder/3.6.3/maven-embedder-3.6.3.jar:/Users/bruno/.m2/repository/org/apache/maven/maven-settings/3.6.3/maven-settings-3.6.3.jar:/Users/bruno/.m2/repository/org/apache/maven/maven-core/3.6.3/maven-core-3.6.3.jar:/Users/bruno/.m2/repository/org/apache/maven/maven-artifact/3.6.3/maven-artifact-3.6.3.jar:/Users/bruno/.m2/repository/org/codehaus/plexus/plexus-component-annotations/2.1.0/plexus-component-annotations-2.1.0.jar:/Users/bruno/.m2/repository/org/apache/maven/maven-plugin-api/3.6.3/maven-plugin-api-3.6.3.jar:/Users/bruno/.m2/repository/org/apache/maven/maven-model/3.6.3/maven-model-3.6.3.jar:/Users/bruno/.m2/repository/org/apache/maven/maven-model-builder/3.6.3/maven-model-builder-3.6.3.jar:/Users/bruno/.m2/repository/org/apache/maven/maven-builder-support/3.6.3/maven-builder-support-3.6.3.jar:/Users/bruno/.m2/repository/org/apache/maven/resolver/maven-resolver-api/1.4.1/maven-resolver-api-1.4.1.jar:/Users/bruno/.m2/repository/org/apache/maven/resolver/maven-resolver-util/1.4.1/maven-resolver-util-1.4.1.jar:/Users/bruno/.m2/repository/org/apache/maven/shared/maven-shared-utils/3.2.1/maven-shared-utils-3.2.1.jar:/Users/bruno/.m2/repository/com/google/inject/guice/4.2.1/guice-4.2.1-no_aop.jar:/Users/bruno/.m2/repository/org/codehaus/plexus/plexus-utils/3.2.1/plexus-utils-3.2.1.jar:/Users/bruno/.m2/repository/org/codehaus/plexus/plexus-classworlds/2.6.0/plexus-classworlds-2.6.0.jar:/Users/bruno/.m2/repository/commons-cli/commons-cli/1.4.0.redhat-00001/commons-cli-1.4.0.redhat-00001.jar:/Users/bruno/.m2/repository/org/eclipse/sisu/org.eclipse.sisu.plexus/0.3.4/org.eclipse.sisu.plexus-0.3.4.jar:/Users/bruno/.m2/repository/org/apache/maven/maven-settings-builder/3.6.3/maven-settings-builder-3.6.3.jar:/Users/bruno/.m2/repository/org/codehaus/plexus/plexus-interpolation/1.25/plexus-interpolation-1.25.jar:/Users/bruno/.m2/repository/org/sonatype/plexus/plexus-sec-dispatcher/1.4/plexus-sec-dispatcher-1.4.jar:/Users/bruno/.m2/repository/org/sonatype/plexus/plexus-cipher/1.4/plexus-cipher-1.4.jar:/Users/bruno/.m2/repository/org/apache/maven/maven-resolver-provider/3.6.3/maven-resolver-provider-3.6.3.jar:/Users/bruno/.m2/repository/org/apache/maven/maven-repository-metadata/3.6.3/maven-repository-metadata-3.6.3.jar:/Users/bruno/.m2/repository/org/apache/maven/resolver/maven-resolver-spi/1.4.1/maven-resolver-spi-1.4.1.jar:/Users/bruno/.m2/repository/org/apache/maven/resolver/maven-resolver-impl/1.4.1/maven-resolver-impl-1.4.1.jar:/Users/bruno/.m2/repository/org/apache/maven/resolver/maven-resolver-connector-basic/1.4.1/maven-resolver-connector-basic-1.4.1.jar:/Users/bruno/.m2/repository/org/apache/maven/resolver/maven-resolver-transport-wagon/1.4.1/maven-resolver-transport-wagon-1.4.1.jar:/Users/bruno/.m2/repository/org/apache/maven/wagon/wagon-http/3.3.4/wagon-http-3.3.4.jar:/Users/bruno/.m2/repository/org/apache/maven/wagon/wagon-http-shared/3.3.4/wagon-http-shared-3.3.4.jar:/Users/bruno/.m2/repository/org/jsoup/jsoup/1.12.1.redhat-00001/jsoup-1.12.1.redhat-00001.jar:/Users/bruno/.m2/repository/org/apache/maven/wagon/wagon-provider-api/3.3.4/wagon-provider-api-3.3.4.jar:/Users/bruno/.m2/repository/org/apache/maven/wagon/wagon-file/3.3.4/wagon-file-3.3.4.jar:/Users/bruno/.m2/repository/io/quarkus/quarkus-bootstrap-gradle-resolver/1.11.7.Final/quarkus-bootstrap-gradle-resolver-1.11.7.Final.jar:/Users/bruno/.m2/repository/io/smallrye/common/smallrye-common-io/1.5.0.redhat-00001/smallrye-common-io-1.5.0.redhat-00001.jar:/Users/bruno/.m2/repository/org/eclipse/sisu/org.eclipse.sisu.inject/0.3.4/org.eclipse.sisu.inject-0.3.4.jar:/Users/bruno/.m2/repository/io/quarkus/quarkus-test-common/1.11.7.Final/quarkus-test-common-1.11.7.Final.jar:/Users/bruno/.m2/repository/io/quarkus/quarkus-core-deployment/1.11.7.Final-redhat-00009/quarkus-core-deployment-1.11.7.Final-redhat-00009.jar:/Users/bruno/.m2/repository/io/quarkus/gizmo/gizmo/1.0.6.Final-redhat-00001/gizmo-1.0.6.Final-redhat-00001.jar:/Users/bruno/.m2/repository/org/ow2/asm/asm-util/9.0/asm-util-9.0.jar:/Users/bruno/.m2/repository/org/ow2/asm/asm-tree/9.0/asm-tree-9.0.jar:/Users/bruno/.m2/repository/org/ow2/asm/asm-analysis/9.0/asm-analysis-9.0.jar:/Users/bruno/.m2/repository/io/quarkus/quarkus-class-change-agent/1.11.7.Final-redhat-00009/quarkus-class-change-agent-1.11.7.Final-redhat-00009.jar:/Users/bruno/.m2/repository/io/quarkus/quarkus-devtools-utilities/1.11.7.Final-redhat-00009/quarkus-devtools-utilities-1.11.7.Final-redhat-00009.jar:/Users/bruno/.m2/repository/io/quarkus/quarkus-builder/1.11.7.Final-redhat-00009/quarkus-builder-1.11.7.Final-redhat-00009.jar:/Users/bruno/.m2/repository/io/quarkus/quarkus-jsonp-deployment/1.11.7.Final-redhat-00009/quarkus-jsonp-deployment-1.11.7.Final-redhat-00009.jar:/Users/bruno/.m2/repository/io/quarkus/quarkus-jsonp/1.11.7.Final-redhat-00009/quarkus-jsonp-1.11.7.Final-redhat-00009.jar:/Users/bruno/.m2/repository/org/glassfish/jakarta.json/1.1.6.redhat-00003/jakarta.json-1.1.6.redhat-00003.jar:/Users/bruno/.m2/repository/org/jboss/jandex/2.2.2.Final-redhat-00001/jandex-2.2.2.Final-redhat-00001.jar:/Users/bruno/.m2/repository/org/jboss/logging/commons-logging-jboss-logging/1.0.0.Final-redhat-1/commons-logging-jboss-logging-1.0.0.Final-redhat-1.jar:/Users/bruno/.m2/repository/org/junit/jupiter/junit-jupiter/5.7.0/junit-jupiter-5.7.0.jar:/Users/bruno/.m2/repository/org/junit/jupiter/junit-jupiter-api/5.7.0/junit-jupiter-api-5.7.0.jar:/Users/bruno/.m2/repository/org/apiguardian/apiguardian-api/1.1.0/apiguardian-api-1.1.0.jar:/Users/bruno/.m2/repository/org/opentest4j/opentest4j/1.2.0/opentest4j-1.2.0.jar:/Users/bruno/.m2/repository/org/junit/platform/junit-platform-commons/1.7.0/junit-platform-commons-1.7.0.jar:/Users/bruno/.m2/repository/org/junit/jupiter/junit-jupiter-params/5.7.0/junit-jupiter-params-5.7.0.jar:/Users/bruno/.m2/repository/org/junit/jupiter/junit-jupiter-engine/5.7.0/junit-jupiter-engine-5.7.0.jar:/Users/bruno/.m2/repository/org/junit/platform/junit-platform-engine/1.7.0/junit-platform-engine-1.7.0.jar:/Users/bruno/.m2/repository/io/quarkus/quarkus-core/1.11.7.Final-redhat-00009/quarkus-core-1.11.7.Final-redhat-00009.jar:/Users/bruno/.m2/repository/jakarta/annotation/jakarta.annotation-api/1.3.5.redhat-00002/jakarta.annotation-api-1.3.5.redhat-00002.jar:/Users/bruno/.m2/repository/jakarta/enterprise/jakarta.enterprise.cdi-api/2.0.2.redhat-00002/jakarta.enterprise.cdi-api-2.0.2.redhat-00002.jar:/Users/bruno/.m2/repository/jakarta/el/jakarta.el-api/3.0.3.redhat-00002/jakarta.el-api-3.0.3.redhat-00002.jar:/Users/bruno/.m2/repository/jakarta/interceptor/jakarta.interceptor-api/1.2.5.redhat-00002/jakarta.interceptor-api-1.2.5.redhat-00002.jar:/Users/bruno/.m2/repository/jakarta/inject/jakarta.inject-api/1.0.0.redhat-00002/jakarta.inject-api-1.0.0.redhat-00002.jar:/Users/bruno/.m2/repository/io/quarkus/quarkus-ide-launcher/1.11.7.Final-redhat-00009/quarkus-ide-launcher-1.11.7.Final-redhat-00009.jar:/Users/bruno/.m2/repository/io/smallrye/config/smallrye-config/1.10.2.redhat-00001/smallrye-config-1.10.2.redhat-00001.jar:/Users/bruno/.m2/repository/io/smallrye/config/smallrye-config-common/1.10.2.redhat-00001/smallrye-config-common-1.10.2.redhat-00001.jar:/Users/bruno/.m2/repository/io/smallrye/common/smallrye-common-expression/1.5.0.redhat-00001/smallrye-common-expression-1.5.0.redhat-00001.jar:/Users/bruno/.m2/repository/io/smallrye/common/smallrye-common-function/1.5.0.redhat-00001/smallrye-common-function-1.5.0.redhat-00001.jar:/Users/bruno/.m2/repository/io/smallrye/common/smallrye-common-constraint/1.5.0.redhat-00001/smallrye-common-constraint-1.5.0.redhat-00001.jar:/Users/bruno/.m2/repository/io/smallrye/common/smallrye-common-classloader/1.5.0.redhat-00001/smallrye-common-classloader-1.5.0.redhat-00001.jar:/Users/bruno/.m2/repository/org/jboss/logmanager/jboss-logmanager-embedded/1.0.6.redhat-00001/jboss-logmanager-embedded-1.0.6.redhat-00001.jar:/Users/bruno/.m2/repository/org/jboss/logging/jboss-logging-annotations/2.2.0.Final-redhat-00001/jboss-logging-annotations-2.2.0.Final-redhat-00001.jar:/Users/bruno/.m2/repository/org/jboss/threads/jboss-threads/3.2.0.Final-redhat-00003/jboss-threads-3.2.0.Final-redhat-00003.jar:/Users/bruno/.m2/repository/org/jboss/slf4j/slf4j-jboss-logmanager/1.1.0.Final-redhat-00001/slf4j-jboss-logmanager-1.1.0.Final-redhat-00001.jar:/Users/bruno/.m2/repository/org/graalvm/sdk/graal-sdk/20.3.2.0-0-redhat-00001/graal-sdk-20.3.2.0-0-redhat-00001.jar:/Users/bruno/.m2/repository/org/wildfly/common/wildfly-common/1.5.4.Final-format-001-redhat-00001/wildfly-common-1.5.4.Final-format-001-redhat-00001.jar:/Users/bruno/.m2/repository/io/quarkus/quarkus-bootstrap-runner/1.11.7.Final-redhat-00009/quarkus-bootstrap-runner-1.11.7.Final-redhat-00009.jar:/Users/bruno/.m2/repository/com/thoughtworks/xstream/xstream/1.4.17/xstream-1.4.17.jar:/Users/bruno/.m2/repository/io/github/x-stream/mxparser/1.2.1/mxparser-1.2.1.jar:/Users/bruno/.m2/repository/xmlpull/xmlpull/1.1.3.1/xmlpull-1.1.3.1.jar:/Users/bruno/.m2/repository/org/awaitility/awaitility/4.0.3/awaitility-4.0.3.jar:/Users/bruno/.m2/repository/org/hamcrest/hamcrest/2.1/hamcrest-2.1.jar:/Users/bruno/.m2/repository/org/testcontainers/testcontainers/1.15.2/testcontainers-1.15.2.jar:/Users/bruno/.m2/repository/junit/junit/4.12/junit-4.12.jar:/Users/bruno/.m2/repository/org/hamcrest/hamcrest-core/1.3/hamcrest-core-1.3.jar:/Users/bruno/.m2/repository/org/slf4j/slf4j-api/1.7.30.redhat-00001/slf4j-api-1.7.30.redhat-00001.jar:/Users/bruno/.m2/repository/org/apache/commons/commons-compress/1.20.0.redhat-00002/commons-compress-1.20.0.redhat-00002.jar:/Users/bruno/.m2/repository/org/rnorth/duct-tape/duct-tape/1.0.8/duct-tape-1.0.8.jar:/Users/bruno/.m2/repository/org/rnorth/visible-assertions/visible-assertions/2.1.2/visible-assertions-2.1.2.jar:/Users/bruno/.m2/repository/net/java/dev/jna/jna/5.3.1/jna-5.3.1.jar:/Users/bruno/.m2/repository/com/github/docker-java/docker-java-api/3.2.7/docker-java-api-3.2.7.jar:/Users/bruno/.m2/repository/com/fasterxml/jackson/core/jackson-annotations/2.11.3.redhat-00001/jackson-annotations-2.11.3.redhat-00001.jar:/Users/bruno/.m2/repository/com/github/docker-java/docker-java-transport-zerodep/3.2.7/docker-java-transport-zerodep-3.2.7.jar:/Users/bruno/.m2/repository/com/github/docker-java/docker-java-transport/3.2.7/docker-java-transport-3.2.7.jar:/Users/bruno/.m2/repository/org/apache/camel/quarkus/camel-quarkus-integration-wiremock-support/1.8.1.fuse-800012-redhat-00001/camel-quarkus-integration-wiremock-support-1.8.1.fuse-800012-redhat-00001.jar:/Users/bruno/.m2/repository/org/apache/camel/quarkus/camel-quarkus-integration-test-support/1.8.1.fuse-800012-redhat-00001/camel-quarkus-integration-test-support-1.8.1.fuse-800012-redhat-00001.jar:/Users/bruno/.m2/repository/org/assertj/assertj-core/3.18.1/assertj-core-3.18.1.jar:/Users/bruno/.m2/repository/org/apache/camel/quarkus/camel-quarkus-integration-test-support-mock-backend/1.8.1.fuse-800012-redhat-00001/camel-quarkus-integration-test-support-mock-backend-1.8.1.fuse-800012-redhat-00001.jar:/Users/bruno/.m2/repository/org/eclipse/microprofile/config/microprofile-config-api/1.4.0.redhat-00006/microprofile-config-api-1.4.0.redhat-00006.jar:/Users/bruno/.m2/repository/com/github/tomakehurst/wiremock-jre8/2.27.2/wiremock-jre8-2.27.2.jar:/Users/bruno/.m2/repository/org/eclipse/jetty/jetty-server/9.4.40.v20210413/jetty-server-9.4.40.v20210413.jar:/Users/bruno/.m2/repository/javax/servlet/javax.servlet-api/3.1.0/javax.servlet-api-3.1.0.jar:/Users/bruno/.m2/repository/org/eclipse/jetty/jetty-http/9.4.40.v20210413/jetty-http-9.4.40.v20210413.jar:/Users/bruno/.m2/repository/org/eclipse/jetty/jetty-io/9.4.40.v20210413/jetty-io-9.4.40.v20210413.jar:/Users/bruno/.m2/repository/org/eclipse/jetty/jetty-servlet/9.4.40.v20210413/jetty-servlet-9.4.40.v20210413.jar:/Users/bruno/.m2/repository/org/eclipse/jetty/jetty-security/9.4.40.v20210413/jetty-security-9.4.40.v20210413.jar:/Users/bruno/.m2/repository/org/eclipse/jetty/jetty-util-ajax/9.4.40.v20210413/jetty-util-ajax-9.4.40.v20210413.jar:/Users/bruno/.m2/repository/org/eclipse/jetty/jetty-servlets/9.4.40.v20210413/jetty-servlets-9.4.40.v20210413.jar:/Users/bruno/.m2/repository/org/eclipse/jetty/jetty-continuation/9.4.40.v20210413/jetty-continuation-9.4.40.v20210413.jar:/Users/bruno/.m2/repository/org/eclipse/jetty/jetty-util/9.4.40.v20210413/jetty-util-9.4.40.v20210413.jar:/Users/bruno/.m2/repository/org/eclipse/jetty/jetty-webapp/9.4.40.v20210413/jetty-webapp-9.4.40.v20210413.jar:/Users/bruno/.m2/repository/org/eclipse/jetty/jetty-xml/9.4.40.v20210413/jetty-xml-9.4.40.v20210413.jar:/Users/bruno/.m2/repository/org/eclipse/jetty/jetty-proxy/9.4.40.v20210413/jetty-proxy-9.4.40.v20210413.jar:/Users/bruno/.m2/repository/org/eclipse/jetty/jetty-client/9.4.40.v20210413/jetty-client-9.4.40.v20210413.jar:/Users/bruno/.m2/repository/com/google/guava/guava/29.0-jre/guava-29.0-jre.jar:/Users/bruno/.m2/repository/com/google/guava/failureaccess/1.0.1/failureaccess-1.0.1.jar:/Users/bruno/.m2/repository/com/google/guava/listenablefuture/9999.0.0.empty-to-avoid-conflict-with-guava-redhat-00001/listenablefuture-9999.0.0.empty-to-avoid-conflict-with-guava-redhat-00001.jar:/Users/bruno/.m2/repository/com/google/errorprone/error_prone_annotations/2.2.0.redhat-00001/error_prone_annotations-2.2.0.redhat-00001.jar:/Users/bruno/.m2/repository/com/google/j2objc/j2objc-annotations/1.3/j2objc-annotations-1.3.jar:/Users/bruno/.m2/repository/com/fasterxml/jackson/core/jackson-core/2.11.3.redhat-00001/jackson-core-2.11.3.redhat-00001.jar:/Users/bruno/.m2/repository/org/xmlunit/xmlunit-core/2.7.0/xmlunit-core-2.7.0.jar:/Users/bruno/.m2/repository/org/xmlunit/xmlunit-legacy/2.7.0/xmlunit-legacy-2.7.0.jar:/Users/bruno/.m2/repository/org/xmlunit/xmlunit-placeholders/2.7.0/xmlunit-placeholders-2.7.0.jar:/Users/bruno/.m2/repository/com/jayway/jsonpath/json-path/2.4.0/json-path-2.4.0.jar:/Users/bruno/.m2/repository/net/minidev/json-smart/2.3/json-smart-2.3.jar:/Users/bruno/.m2/repository/net/minidev/accessors-smart/1.2/accessors-smart-1.2.jar:/Users/bruno/.m2/repository/org/ow2/asm/asm/9.0/asm-9.0.jar:/Users/bruno/.m2/repository/net/sf/jopt-simple/jopt-simple/5.0.3/jopt-simple-5.0.3.jar:/Users/bruno/.m2/repository/org/apache/commons/commons-lang3/3.11.0.redhat-00001/commons-lang3-3.11.0.redhat-00001.jar:/Users/bruno/.m2/repository/com/github/jknack/handlebars/4.2.0/handlebars-4.2.0.jar:/Users/bruno/.m2/repository/com/github/jknack/handlebars-helpers/4.2.0/handlebars-helpers-4.2.0.jar:/Users/bruno/.m2/repository/com/flipkart/zjsonpatch/zjsonpatch/0.4.4/zjsonpatch-0.4.4.jar:/Users/bruno/.m2/repository/commons-fileupload/commons-fileupload/1.4/commons-fileupload-1.4.jar:/Users/bruno/.m2/repository/commons-io/commons-io/2.8.0.redhat-00001/commons-io-2.8.0.redhat-00001.jar:/Users/bruno/.m2/repository/org/eclipse/jetty/http2/http2-server/9.4.40.v20210413/http2-server-9.4.40.v20210413.jar:/Users/bruno/.m2/repository/org/eclipse/jetty/http2/http2-common/9.4.40.v20210413/http2-common-9.4.40.v20210413.jar:/Users/bruno/.m2/repository/org/eclipse/jetty/http2/http2-hpack/9.4.40.v20210413/http2-hpack-9.4.40.v20210413.jar:/Users/bruno/.m2/repository/org/eclipse/jetty/jetty-alpn-server/9.4.40.v20210413/jetty-alpn-server-9.4.40.v20210413.jar:/Users/bruno/.m2/repository/org/eclipse/jetty/jetty-alpn-conscrypt-server/9.4.40.v20210413/jetty-alpn-conscrypt-server-9.4.40.v20210413.jar:/Users/bruno/.m2/repository/org/eclipse/jetty/jetty-alpn-conscrypt-client/9.4.40.v20210413/jetty-alpn-conscrypt-client-9.4.40.v20210413.jar:/Users/bruno/.m2/repository/org/eclipse/jetty/jetty-alpn-client/9.4.40.v20210413/jetty-alpn-client-9.4.40.v20210413.jar:/Users/bruno/.m2/repository/org/conscrypt/conscrypt-openjdk-uber/2.2.1/conscrypt-openjdk-uber-2.2.1.jar:/Users/bruno/.m2/repository/net/javacrumbs/json-unit/json-unit-core/2.12.0/json-unit-core-2.12.0.jar:/Users/bruno/.m2/repository/org/jboss/logging/jboss-logging/3.4.1.Final-redhat-00002/jboss-logging-3.4.1.Final-redhat-00002.jar:/Users/bruno/.m2/repository/io/rest-assured/rest-assured/4.3.3/rest-assured-4.3.3.jar:/Users/bruno/.m2/repository/org/codehaus/groovy/groovy/3.0.7/groovy-3.0.7.jar:/Users/bruno/.m2/repository/org/codehaus/groovy/groovy-xml/3.0.7/groovy-xml-3.0.7.jar:/Users/bruno/.m2/repository/org/apache/httpcomponents/httpclient/4.5.13.redhat-00002/httpclient-4.5.13.redhat-00002.jar:/Users/bruno/.m2/repository/org/apache/httpcomponents/httpcore/4.4.14.redhat-00001/httpcore-4.4.14.redhat-00001.jar:/Users/bruno/.m2/repository/commons-codec/commons-codec/1.14.0.redhat-00001/commons-codec-1.14.0.redhat-00001.jar:/Users/bruno/.m2/repository/org/apache/httpcomponents/httpmime/4.5.13.redhat-00002/httpmime-4.5.13.redhat-00002.jar:/Users/bruno/.m2/repository/org/ccil/cowan/tagsoup/tagsoup/1.2.1/tagsoup-1.2.1.jar:/Users/bruno/.m2/repository/io/rest-assured/json-path/4.3.3/json-path-4.3.3.jar:/Users/bruno/.m2/repository/org/codehaus/groovy/groovy-json/3.0.7/groovy-json-3.0.7.jar:/Users/bruno/.m2/repository/io/rest-assured/rest-assured-common/4.3.3/rest-assured-common-4.3.3.jar:/Users/bruno/.m2/repository/io/rest-assured/xml-path/4.3.3/xml-path-4.3.3.jar:/Users/bruno/.m2/repository/jakarta/xml/bind/jakarta.xml.bind-api/2.3.2/jakarta.xml.bind-api-2.3.2.jar:/Users/bruno/.m2/repository/jakarta/activation/jakarta.activation-api/1.2.1.redhat-00002/jakarta.activation-api-1.2.1.redhat-00002.jar:/Users/bruno/.m2/repository/com/sun/xml/bind/jaxb-impl/2.3.3/jaxb-impl-2.3.3.jar:"/>
    <property name="sun.cpu.endian" value="little"/>
    <property name="user.home" value="/Users/bruno"/>
    <property name="user.language" value="en"/>
    <property name="java.specification.vendor" value="Oracle Corporation"/>
    <property name="java.version.date" value="2020-11-04"/>
    <property name="java.home" value="/Library/Java/JavaVirtualMachines/adoptopenjdk-11.jdk/Contents/Home"/>
    <property name="file.separator" value="/"/>
    <property name="basedir" value="/Users/bruno/workspace_tmm/sizing/camel-sizing-patterns/camelq/level1simple"/>
    <property name="java.vm.compressedOopsMode" value="Zero based"/>
    <property name="line.separator" value="&#10;"/>
    <property name="java.specification.name" value="Java Platform API Specification"/>
    <property name="java.vm.specification.vendor" value="Oracle Corporation"/>
    <property name="java.awt.graphicsenv" value="sun.awt.CGraphicsEnvironment"/>
    <property name="surefire.real.class.path" value="/Users/bruno/workspace_tmm/sizing/camel-sizing-patterns/camelq/level1simple/target/surefire/surefirebooter5077381694856887550.jar"/>
    <property name="sun.management.compiler" value="HotSpot 64-Bit Tiered Compilers"/>
    <property name="ftp.nonProxyHosts" value="local|*.local|169.254/16|*.169.254/16"/>
    <property name="java.runtime.version" value="11.0.9.1+1"/>
    <property name="user.name" value="bruno"/>
    <property name="path.separator" value=":"/>
    <property name="os.version" value="10.16"/>
    <property name="java.runtime.name" value="OpenJDK Runtime Environment"/>
    <property name="file.encoding" value="UTF-8"/>
    <property name="java.vm.name" value="OpenJDK 64-Bit Server VM"/>
    <property name="java.vendor.version" value="AdoptOpenJDK"/>
    <property name="localRepository" value="/Users/bruno/.m2/repository"/>
    <property name="java.vendor.url.bug" value="https://github.com/AdoptOpenJDK/openjdk-support/issues"/>
    <property name="java.io.tmpdir" value="/var/folders/nf/9p5l1b4j1lx2zmylf7wmj5_h0000gn/T/"/>
    <property name="java.version" value="11.0.9.1"/>
    <property name="user.dir" value="/Users/bruno/workspace_tmm/sizing/camel-sizing-patterns/camelq/level1simple"/>
    <property name="os.arch" value="x86_64"/>
    <property name="java.vm.specification.name" value="Java Virtual Machine Specification"/>
    <property name="java.awt.printerjob" value="sun.lwawt.macosx.CPrinterJob"/>
    <property name="sun.os.patch.level" value="unknown"/>
    <property name="java.util.logging.manager" value="org.jboss.logmanager.LogManager"/>
    <property name="java.library.path" value="/Users/bruno/Library/Java/Extensions:/Library/Java/Extensions:/Network/Library/Java/Extensions:/System/Library/Java/Extensions:/usr/lib/java:."/>
    <property name="java.vm.info" value="mixed mode"/>
    <property name="java.vendor" value="AdoptOpenJDK"/>
    <property name="java.vm.version" value="11.0.9.1+1"/>
    <property name="sun.io.unicode.encoding" value="UnicodeBig"/>
    <property name="java.class.version" value="55.0"/>
    <property name="socksNonProxyHosts" value="local|*.local|169.254/16|*.169.254/16"/>
  </properties>
  <testcase name="legumes" classname="org.apache.camel.example.ServiceTest" time="2.253"/>
</testsuite>